This file contains any messages produced by compilers while
running configure, to aid debugging if configure makes a mistake.

It was created by libmicrohttpd configure 0.9.40, which was
generated by GNU Autoconf 2.69.  Invocation command line was

  $ ./configure 

## --------- ##
## Platform. ##
## --------- ##

hostname = zhangpan-System-Product-Name
uname -m = x86_64
uname -r = 3.2.0-78-generic
uname -s = Linux
uname -v = #113-Ubuntu SMP Tue Mar 3 17:33:01 UTC 2015

/usr/bin/uname -p = unknown
/bin/uname -X     = unknown

/bin/arch              = unknown
/usr/bin/arch -k       = unknown
/usr/convex/getsysinfo = unknown
/usr/bin/hostinfo      = unknown
/bin/machine           = unknown
/usr/bin/oslevel       = unknown
/bin/universe          = unknown

PATH: /home/zhangpan/bin
PATH: /home/zhangpan/bin
PATH: /usr/lib/lightdm/lightdm
PATH: /usr/local/sbin
PATH: /usr/local/bin
PATH: /usr/sbin
PATH: /usr/bin
PATH: /sbin
PATH: /bin
PATH: /usr/games


## ----------- ##
## Core tests. ##
## ----------- ##

configure:2511: checking for a BSD-compatible install
configure:2579: result: /usr/bin/install -c
configure:2590: checking whether build environment is sane
configure:2645: result: yes
configure:2796: checking for a thread-safe mkdir -p
configure:2835: result: /bin/mkdir -p
configure:2842: checking for gawk
configure:2872: result: no
configure:2842: checking for mawk
configure:2858: found /usr/bin/mawk
configure:2869: result: mawk
configure:2880: checking whether make sets $(MAKE)
configure:2902: result: yes
configure:2931: checking whether make supports nested variables
configure:2948: result: yes
configure:3119: checking for gawk
configure:3146: result: mawk
configure:3158: checking whether ln -s works
configure:3162: result: yes
configure:3169: checking whether make sets $(MAKE)
configure:3191: result: yes
configure:3204: checking build system type
configure:3218: result: x86_64-unknown-linux-gnu
configure:3238: checking host system type
configure:3251: result: x86_64-unknown-linux-gnu
configure:3283: checking for style of include used by make
configure:3311: result: GNU
configure:3382: checking for gcc
configure:3398: found /usr/bin/gcc
configure:3409: result: gcc
configure:3638: checking for C compiler version
configure:3647: gcc --version >&5
gcc (Ubuntu/Linaro 4.6.3-1ubuntu5) 4.6.3
Copyright (C) 2011 Free Software Foundation, Inc.
This is free software; see the source for copying conditions.  There is NO
warranty; not even for MERCHANTABILITY or FITNESS FOR A PARTICULAR PURPOSE.

configure:3658: $? = 0
configure:3647: gcc -v >&5
Using built-in specs.
COLLECT_GCC=gcc
COLLECT_LTO_WRAPPER=/usr/lib/gcc/x86_64-linux-gnu/4.6/lto-wrapper
Target: x86_64-linux-gnu
Configured with: ../src/configure -v --with-pkgversion='Ubuntu/Linaro 4.6.3-1ubuntu5' --with-bugurl=file:///usr/share/doc/gcc-4.6/README.Bugs --enable-languages=c,c++,fortran,objc,obj-c++ --prefix=/usr --program-suffix=-4.6 --enable-shared --enable-linker-build-id --with-system-zlib --libexecdir=/usr/lib --without-included-gettext --enable-threads=posix --with-gxx-include-dir=/usr/include/c++/4.6 --libdir=/usr/lib --enable-nls --with-sysroot=/ --enable-clocale=gnu --enable-libstdcxx-debug --enable-libstdcxx-time=yes --enable-gnu-unique-object --enable-plugin --enable-objc-gc --disable-werror --with-arch-32=i686 --with-tune=generic --enable-checking=release --build=x86_64-linux-gnu --host=x86_64-linux-gnu --target=x86_64-linux-gnu
Thread model: posix
gcc version 4.6.3 (Ubuntu/Linaro 4.6.3-1ubuntu5) 
configure:3658: $? = 0
configure:3647: gcc -V >&5
gcc: error: unrecognized option '-V'
gcc: fatal error: no input files
compilation terminated.
configure:3658: $? = 4
configure:3647: gcc -qversion >&5
gcc: error: unrecognized option '-qversion'
gcc: fatal error: no input files
compilation terminated.
configure:3658: $? = 4
configure:3678: checking whether the C compiler works
configure:3700: gcc    conftest.c  >&5
configure:3704: $? = 0
configure:3752: result: yes
configure:3755: checking for C compiler default output file name
configure:3757: result: a.out
configure:3763: checking for suffix of executables
configure:3770: gcc -o conftest    conftest.c  >&5
configure:3774: $? = 0
configure:3796: result: 
configure:3818: checking whether we are cross compiling
configure:3826: gcc -o conftest    conftest.c  >&5
configure:3830: $? = 0
configure:3837: ./conftest
configure:3841: $? = 0
configure:3856: result: no
configure:3861: checking for suffix of object files
configure:3883: gcc -c   conftest.c >&5
configure:3887: $? = 0
configure:3908: result: o
configure:3912: checking whether we are using the GNU C compiler
configure:3931: gcc -c   conftest.c >&5
configure:3931: $? = 0
configure:3940: result: yes
configure:3949: checking whether gcc accepts -g
configure:3969: gcc -c -g  conftest.c >&5
configure:3969: $? = 0
configure:4010: result: yes
configure:4027: checking for gcc option to accept ISO C89
configure:4090: gcc  -c -g -O2  conftest.c >&5
configure:4090: $? = 0
configure:4103: result: none needed
configure:4128: checking whether gcc understands -c and -o together
configure:4150: gcc -c conftest.c -o conftest2.o
configure:4153: $? = 0
configure:4150: gcc -c conftest.c -o conftest2.o
configure:4153: $? = 0
configure:4165: result: yes
configure:4184: checking dependency style of gcc
configure:4295: result: gcc3
configure:4357: checking how to print strings
configure:4384: result: printf
configure:4405: checking for a sed that does not truncate output
configure:4469: result: /bin/sed
configure:4487: checking for grep that handles long lines and -e
configure:4545: result: /bin/grep
configure:4550: checking for egrep
configure:4612: result: /bin/grep -E
configure:4617: checking for fgrep
configure:4679: result: /bin/grep -F
configure:4714: checking for ld used by gcc
configure:4781: result: /usr/bin/ld
configure:4788: checking if the linker (/usr/bin/ld) is GNU ld
configure:4803: result: yes
configure:4815: checking for BSD- or MS-compatible name lister (nm)
configure:4864: result: /usr/bin/nm -B
configure:4994: checking the name lister (/usr/bin/nm -B) interface
configure:5001: gcc -c -g -O2  conftest.c >&5
configure:5004: /usr/bin/nm -B "conftest.o"
configure:5007: output
0000000000000000 B some_variable
configure:5014: result: BSD nm
configure:5018: checking the maximum length of command line arguments
configure:5149: result: 1572864
configure:5166: checking whether the shell understands some XSI constructs
configure:5176: result: yes
configure:5180: checking whether the shell understands "+="
configure:5186: result: yes
configure:5221: checking how to convert x86_64-unknown-linux-gnu file names to x86_64-unknown-linux-gnu format
configure:5261: result: func_convert_file_noop
configure:5268: checking how to convert x86_64-unknown-linux-gnu file names to toolchain format
configure:5288: result: func_convert_file_noop
configure:5295: checking for /usr/bin/ld option to reload object files
configure:5302: result: -r
configure:5376: checking for objdump
configure:5392: found /usr/bin/objdump
configure:5403: result: objdump
configure:5432: checking how to recognize dependent libraries
configure:5630: result: pass_all
configure:5715: checking for dlltool
configure:5745: result: no
configure:5772: checking how to associate runtime and link libraries
configure:5799: result: printf %s\n
configure:5860: checking for ar
configure:5876: found /usr/bin/ar
configure:5887: result: ar
configure:5924: checking for archiver @FILE support
configure:5941: gcc -c -g -O2  conftest.c >&5
configure:5941: $? = 0
configure:5944: ar cru libconftest.a @conftest.lst >&5
configure:5947: $? = 0
configure:5952: ar cru libconftest.a @conftest.lst >&5
ar: conftest.o: No such file or directory
configure:5955: $? = 1
configure:5967: result: @
configure:6025: checking for strip
configure:6041: found /usr/bin/strip
configure:6052: result: strip
configure:6124: checking for ranlib
configure:6140: found /usr/bin/ranlib
configure:6151: result: ranlib
configure:6253: checking command to parse /usr/bin/nm -B output from gcc object
configure:6373: gcc -c -g -O2  conftest.c >&5
configure:6376: $? = 0
configure:6380: /usr/bin/nm -B conftest.o \| sed -n -e 's/^.*[ ]\([ABCDGIRSTW][ABCDGIRSTW]*\)[ ][ ]*\([_A-Za-z][_A-Za-z0-9]*\)$/\1 \2 \2/p' | sed '/ __gnu_lto/d' \> conftest.nm
configure:6383: $? = 0
configure:6449: gcc -o conftest -g -O2   conftest.c conftstm.o >&5
configure:6452: $? = 0
configure:6490: result: ok
configure:6527: checking for sysroot
configure:6557: result: no
configure:6634: gcc -c -g -O2  conftest.c >&5
configure:6637: $? = 0
configure:6826: checking for mt
configure:6842: found /bin/mt
configure:6853: result: mt
configure:6876: checking if mt is a manifest tool
configure:6882: mt '-?'
configure:6890: result: no
configure:7532: checking how to run the C preprocessor
configure:7563: gcc -E  conftest.c
configure:7563: $? = 0
configure:7577: gcc -E  conftest.c
conftest.c:11:28: fatal error: ac_nonexistent.h: No such file or directory
compilation terminated.
configure:7577: $? = 1
configure: failed program was:
| /* confdefs.h */
| #define PACKAGE_NAME "libmicrohttpd"
| #define PACKAGE_TARNAME "libmicrohttpd"
| #define PACKAGE_VERSION "0.9.40"
| #define PACKAGE_STRING "libmicrohttpd 0.9.40"
| #define PACKAGE_BUGREPORT "libmicrohttpd@gnu.org"
| #define PACKAGE_URL ""
| #define PACKAGE "libmicrohttpd"
| #define VERSION "0.9.40"
| /* end confdefs.h.  */
| #include <ac_nonexistent.h>
configure:7602: result: gcc -E
configure:7622: gcc -E  conftest.c
configure:7622: $? = 0
configure:7636: gcc -E  conftest.c
conftest.c:11:28: fatal error: ac_nonexistent.h: No such file or directory
compilation terminated.
configure:7636: $? = 1
configure: failed program was:
| /* confdefs.h */
| #define PACKAGE_NAME "libmicrohttpd"
| #define PACKAGE_TARNAME "libmicrohttpd"
| #define PACKAGE_VERSION "0.9.40"
| #define PACKAGE_STRING "libmicrohttpd 0.9.40"
| #define PACKAGE_BUGREPORT "libmicrohttpd@gnu.org"
| #define PACKAGE_URL ""
| #define PACKAGE "libmicrohttpd"
| #define VERSION "0.9.40"
| /* end confdefs.h.  */
| #include <ac_nonexistent.h>
configure:7665: checking for ANSI C header files
configure:7685: gcc -c -g -O2  conftest.c >&5
configure:7685: $? = 0
configure:7758: gcc -o conftest -g -O2   conftest.c  >&5
configure:7758: $? = 0
configure:7758: ./conftest
configure:7758: $? = 0
configure:7769: result: yes
configure:7782: checking for sys/types.h
configure:7782: gcc -c -g -O2  conftest.c >&5
configure:7782: $? = 0
configure:7782: result: yes
configure:7782: checking for sys/stat.h
configure:7782: gcc -c -g -O2  conftest.c >&5
configure:7782: $? = 0
configure:7782: result: yes
configure:7782: checking for stdlib.h
configure:7782: gcc -c -g -O2  conftest.c >&5
configure:7782: $? = 0
configure:7782: result: yes
configure:7782: checking for string.h
configure:7782: gcc -c -g -O2  conftest.c >&5
configure:7782: $? = 0
configure:7782: result: yes
configure:7782: checking for memory.h
configure:7782: gcc -c -g -O2  conftest.c >&5
configure:7782: $? = 0
configure:7782: result: yes
configure:7782: checking for strings.h
configure:7782: gcc -c -g -O2  conftest.c >&5
configure:7782: $? = 0
configure:7782: result: yes
configure:7782: checking for inttypes.h
configure:7782: gcc -c -g -O2  conftest.c >&5
configure:7782: $? = 0
configure:7782: result: yes
configure:7782: checking for stdint.h
configure:7782: gcc -c -g -O2  conftest.c >&5
configure:7782: $? = 0
configure:7782: result: yes
configure:7782: checking for unistd.h
configure:7782: gcc -c -g -O2  conftest.c >&5
configure:7782: $? = 0
configure:7782: result: yes
configure:7796: checking for dlfcn.h
configure:7796: gcc -c -g -O2  conftest.c >&5
configure:7796: $? = 0
configure:7796: result: yes
configure:8300: checking for objdir
configure:8315: result: .libs
configure:8586: checking if gcc supports -fno-rtti -fno-exceptions
configure:8604: gcc -c -g -O2  -fno-rtti -fno-exceptions conftest.c >&5
cc1: warning: command line option '-fno-rtti' is valid for C++/ObjC++ but not for C [enabled by default]
configure:8608: $? = 0
configure:8621: result: no
configure:8948: checking for gcc option to produce PIC
configure:8955: result: -fPIC -DPIC
configure:8963: checking if gcc PIC flag -fPIC -DPIC works
configure:8981: gcc -c -g -O2  -fPIC -DPIC -DPIC conftest.c >&5
configure:8985: $? = 0
configure:8998: result: yes
configure:9027: checking if gcc static flag -static works
configure:9055: result: yes
configure:9070: checking if gcc supports -c -o file.o
configure:9091: gcc -c -g -O2  -o out/conftest2.o conftest.c >&5
configure:9095: $? = 0
configure:9117: result: yes
configure:9125: checking if gcc supports -c -o file.o
configure:9172: result: yes
configure:9205: checking whether the gcc linker (/usr/bin/ld -m elf_x86_64) supports shared libraries
configure:10362: result: yes
configure:10399: checking whether -lc should be explicitly linked in
configure:10407: gcc -c -g -O2  conftest.c >&5
configure:10410: $? = 0
configure:10425: gcc -shared  -fPIC -DPIC conftest.o  -v -Wl,-soname -Wl,conftest -o conftest 2\>\&1 \| /bin/grep  -lc  \>/dev/null 2\>\&1
configure:10428: $? = 0
configure:10442: result: no
configure:10602: checking dynamic linker characteristics
configure:11102: gcc -o conftest -g -O2   -Wl,-rpath -Wl,/foo conftest.c  >&5
configure:11102: $? = 0
configure:11336: result: GNU/Linux ld.so
configure:11443: checking how to hardcode library paths into programs
configure:11468: result: immediate
configure:12008: checking whether stripping libraries is possible
configure:12013: result: yes
configure:12048: checking if libtool supports shared libraries
configure:12050: result: yes
configure:12053: checking whether to build shared libraries
configure:12074: result: yes
configure:12077: checking whether to build static libraries
configure:12081: result: yes
configure:12161: checking for windres
configure:12191: result: no
configure:12434: checking if compiler needs -Werror to reject unknown flags
configure:12450: gcc -c -g -O2 -Werror -Wunknown-warning-option -Wsizeof-array-argument  conftest.c >&5
cc1: error: unrecognized command line option '-Wunknown-warning-option'
cc1: error: unrecognized command line option '-Wsizeof-array-argument'
configure:12450: $? = 1
configure: failed program was:
| /* confdefs.h */
| #define PACKAGE_NAME "libmicrohttpd"
| #define PACKAGE_TARNAME "libmicrohttpd"
| #define PACKAGE_VERSION "0.9.40"
| #define PACKAGE_STRING "libmicrohttpd 0.9.40"
| #define PACKAGE_BUGREPORT "libmicrohttpd@gnu.org"
| #define PACKAGE_URL ""
| #define PACKAGE "libmicrohttpd"
| #define VERSION "0.9.40"
| #define STDC_HEADERS 1
| #define HAVE_SYS_TYPES_H 1
| #define HAVE_SYS_STAT_H 1
| #define HAVE_STDLIB_H 1
| #define HAVE_STRING_H 1
| #define HAVE_MEMORY_H 1
| #define HAVE_STRINGS_H 1
| #define HAVE_INTTYPES_H 1
| #define HAVE_STDINT_H 1
| #define HAVE_UNISTD_H 1
| #define HAVE_DLFCN_H 1
| #define LT_OBJDIR ".libs/"
| /* end confdefs.h.  */
| int foo(void);
| int
| main ()
| {
| foo()
|   ;
|   return 0;
| }
configure:12455: result: no
configure:12521: checking for the pthreads library -lpthreads
configure:12559: gcc -o conftest -g -O2     conftest.c -lpthreads  >&5
/usr/bin/ld: cannot find -lpthreads
collect2: ld returned 1 exit status
configure:12559: $? = 1
configure: failed program was:
| /* confdefs.h */
| #define PACKAGE_NAME "libmicrohttpd"
| #define PACKAGE_TARNAME "libmicrohttpd"
| #define PACKAGE_VERSION "0.9.40"
| #define PACKAGE_STRING "libmicrohttpd 0.9.40"
| #define PACKAGE_BUGREPORT "libmicrohttpd@gnu.org"
| #define PACKAGE_URL ""
| #define PACKAGE "libmicrohttpd"
| #define VERSION "0.9.40"
| #define STDC_HEADERS 1
| #define HAVE_SYS_TYPES_H 1
| #define HAVE_SYS_STAT_H 1
| #define HAVE_STDLIB_H 1
| #define HAVE_STRING_H 1
| #define HAVE_MEMORY_H 1
| #define HAVE_STRINGS_H 1
| #define HAVE_INTTYPES_H 1
| #define HAVE_STDINT_H 1
| #define HAVE_UNISTD_H 1
| #define HAVE_DLFCN_H 1
| #define LT_OBJDIR ".libs/"
| /* end confdefs.h.  */
| #include <pthread.h>
|                         static void routine(void *a) { a = 0; }
|                         static void *start_routine(void *a) { return a; }
| int
| main ()
| {
| pthread_t th; pthread_attr_t attr;
|                         pthread_create(&th, 0, start_routine, 0);
|                         pthread_join(th, 0);
|                         pthread_attr_init(&attr);
|                         pthread_cleanup_push(routine, 0);
|                         pthread_cleanup_pop(0) /* ; */
|   ;
|   return 0;
| }
configure:12568: result: no
configure:12466: checking whether pthreads work without any flags
configure:12559: gcc -o conftest -g -O2     conftest.c   >&5
/tmp/ccPsyrDL.o: In function `main':
/home/zhangpan/work/openzwave-control-panel/open-zwave-control-panel-master/libmicrohttpd/conftest.c:30: undefined reference to `pthread_create'
/home/zhangpan/work/openzwave-control-panel/open-zwave-control-panel-master/libmicrohttpd/conftest.c:31: undefined reference to `pthread_join'
/home/zhangpan/work/openzwave-control-panel/open-zwave-control-panel-master/libmicrohttpd/conftest.c:33: undefined reference to `__pthread_register_cancel'
/home/zhangpan/work/openzwave-control-panel/open-zwave-control-panel-master/libmicrohttpd/conftest.c:34: undefined reference to `__pthread_unregister_cancel'
collect2: ld returned 1 exit status
configure:12559: $? = 1
configure: failed program was:
| /* confdefs.h */
| #define PACKAGE_NAME "libmicrohttpd"
| #define PACKAGE_TARNAME "libmicrohttpd"
| #define PACKAGE_VERSION "0.9.40"
| #define PACKAGE_STRING "libmicrohttpd 0.9.40"
| #define PACKAGE_BUGREPORT "libmicrohttpd@gnu.org"
| #define PACKAGE_URL ""
| #define PACKAGE "libmicrohttpd"
| #define VERSION "0.9.40"
| #define STDC_HEADERS 1
| #define HAVE_SYS_TYPES_H 1
| #define HAVE_SYS_STAT_H 1
| #define HAVE_STDLIB_H 1
| #define HAVE_STRING_H 1
| #define HAVE_MEMORY_H 1
| #define HAVE_STRINGS_H 1
| #define HAVE_INTTYPES_H 1
| #define HAVE_STDINT_H 1
| #define HAVE_UNISTD_H 1
| #define HAVE_DLFCN_H 1
| #define LT_OBJDIR ".libs/"
| /* end confdefs.h.  */
| #include <pthread.h>
|                         static void routine(void *a) { a = 0; }
|                         static void *start_routine(void *a) { return a; }
| int
| main ()
| {
| pthread_t th; pthread_attr_t attr;
|                         pthread_create(&th, 0, start_routine, 0);
|                         pthread_join(th, 0);
|                         pthread_attr_init(&attr);
|                         pthread_cleanup_push(routine, 0);
|                         pthread_cleanup_pop(0) /* ; */
|   ;
|   return 0;
| }
configure:12568: result: no
configure:12471: checking whether pthreads work with -Kthread
configure:12559: gcc -o conftest -g -O2 -Kthread    conftest.c   >&5
gcc: error: unrecognized option '-Kthread'
configure:12559: $? = 1
configure: failed program was:
| /* confdefs.h */
| #define PACKAGE_NAME "libmicrohttpd"
| #define PACKAGE_TARNAME "libmicrohttpd"
| #define PACKAGE_VERSION "0.9.40"
| #define PACKAGE_STRING "libmicrohttpd 0.9.40"
| #define PACKAGE_BUGREPORT "libmicrohttpd@gnu.org"
| #define PACKAGE_URL ""
| #define PACKAGE "libmicrohttpd"
| #define VERSION "0.9.40"
| #define STDC_HEADERS 1
| #define HAVE_SYS_TYPES_H 1
| #define HAVE_SYS_STAT_H 1
| #define HAVE_STDLIB_H 1
| #define HAVE_STRING_H 1
| #define HAVE_MEMORY_H 1
| #define HAVE_STRINGS_H 1
| #define HAVE_INTTYPES_H 1
| #define HAVE_STDINT_H 1
| #define HAVE_UNISTD_H 1
| #define HAVE_DLFCN_H 1
| #define LT_OBJDIR ".libs/"
| /* end confdefs.h.  */
| #include <pthread.h>
|                         static void routine(void *a) { a = 0; }
|                         static void *start_routine(void *a) { return a; }
| int
| main ()
| {
| pthread_t th; pthread_attr_t attr;
|                         pthread_create(&th, 0, start_routine, 0);
|                         pthread_join(th, 0);
|                         pthread_attr_init(&attr);
|                         pthread_cleanup_push(routine, 0);
|                         pthread_cleanup_pop(0) /* ; */
|   ;
|   return 0;
| }
configure:12568: result: no
configure:12471: checking whether pthreads work with -kthread
configure:12559: gcc -o conftest -g -O2 -kthread    conftest.c   >&5
gcc: error: unrecognized option '-kthread'
configure:12559: $? = 1
configure: failed program was:
| /* confdefs.h */
| #define PACKAGE_NAME "libmicrohttpd"
| #define PACKAGE_TARNAME "libmicrohttpd"
| #define PACKAGE_VERSION "0.9.40"
| #define PACKAGE_STRING "libmicrohttpd 0.9.40"
| #define PACKAGE_BUGREPORT "libmicrohttpd@gnu.org"
| #define PACKAGE_URL ""
| #define PACKAGE "libmicrohttpd"
| #define VERSION "0.9.40"
| #define STDC_HEADERS 1
| #define HAVE_SYS_TYPES_H 1
| #define HAVE_SYS_STAT_H 1
| #define HAVE_STDLIB_H 1
| #define HAVE_STRING_H 1
| #define HAVE_MEMORY_H 1
| #define HAVE_STRINGS_H 1
| #define HAVE_INTTYPES_H 1
| #define HAVE_STDINT_H 1
| #define HAVE_UNISTD_H 1
| #define HAVE_DLFCN_H 1
| #define LT_OBJDIR ".libs/"
| /* end confdefs.h.  */
| #include <pthread.h>
|                         static void routine(void *a) { a = 0; }
|                         static void *start_routine(void *a) { return a; }
| int
| main ()
| {
| pthread_t th; pthread_attr_t attr;
|                         pthread_create(&th, 0, start_routine, 0);
|                         pthread_join(th, 0);
|                         pthread_attr_init(&attr);
|                         pthread_cleanup_push(routine, 0);
|                         pthread_cleanup_pop(0) /* ; */
|   ;
|   return 0;
| }
configure:12568: result: no
configure:12521: checking for the pthreads library -llthread
configure:12559: gcc -o conftest -g -O2     conftest.c -llthread  >&5
/usr/bin/ld: cannot find -llthread
collect2: ld returned 1 exit status
configure:12559: $? = 1
configure: failed program was:
| /* confdefs.h */
| #define PACKAGE_NAME "libmicrohttpd"
| #define PACKAGE_TARNAME "libmicrohttpd"
| #define PACKAGE_VERSION "0.9.40"
| #define PACKAGE_STRING "libmicrohttpd 0.9.40"
| #define PACKAGE_BUGREPORT "libmicrohttpd@gnu.org"
| #define PACKAGE_URL ""
| #define PACKAGE "libmicrohttpd"
| #define VERSION "0.9.40"
| #define STDC_HEADERS 1
| #define HAVE_SYS_TYPES_H 1
| #define HAVE_SYS_STAT_H 1
| #define HAVE_STDLIB_H 1
| #define HAVE_STRING_H 1
| #define HAVE_MEMORY_H 1
| #define HAVE_STRINGS_H 1
| #define HAVE_INTTYPES_H 1
| #define HAVE_STDINT_H 1
| #define HAVE_UNISTD_H 1
| #define HAVE_DLFCN_H 1
| #define LT_OBJDIR ".libs/"
| /* end confdefs.h.  */
| #include <pthread.h>
|                         static void routine(void *a) { a = 0; }
|                         static void *start_routine(void *a) { return a; }
| int
| main ()
| {
| pthread_t th; pthread_attr_t attr;
|                         pthread_create(&th, 0, start_routine, 0);
|                         pthread_join(th, 0);
|                         pthread_attr_init(&attr);
|                         pthread_cleanup_push(routine, 0);
|                         pthread_cleanup_pop(0) /* ; */
|   ;
|   return 0;
| }
configure:12568: result: no
configure:12471: checking whether pthreads work with -pthread
configure:12559: gcc -o conftest -g -O2 -pthread    conftest.c   >&5
configure:12559: $? = 0
configure:12568: result: yes
configure:12587: checking for joinable pthread attribute
configure:12602: gcc -o conftest -g -O2 -pthread   conftest.c   >&5
configure:12602: $? = 0
configure:12608: result: PTHREAD_CREATE_JOINABLE
configure:12618: checking if more special flags are required for pthreads
configure:12633: result: no
configure:12639: checking for PTHREAD_PRIO_INHERIT
configure:12656: gcc -o conftest -g -O2 -pthread   conftest.c   >&5
conftest.c: In function 'main':
conftest.c:27:9: error: 'PTHREAD_PRIO_INHERIT' undeclared (first use in this function)
conftest.c:27:9: note: each undeclared identifier is reported only once for each function it appears in
configure:12656: $? = 1
configure: failed program was:
| /* confdefs.h */
| #define PACKAGE_NAME "libmicrohttpd"
| #define PACKAGE_TARNAME "libmicrohttpd"
| #define PACKAGE_VERSION "0.9.40"
| #define PACKAGE_STRING "libmicrohttpd 0.9.40"
| #define PACKAGE_BUGREPORT "libmicrohttpd@gnu.org"
| #define PACKAGE_URL ""
| #define PACKAGE "libmicrohttpd"
| #define VERSION "0.9.40"
| #define STDC_HEADERS 1
| #define HAVE_SYS_TYPES_H 1
| #define HAVE_SYS_STAT_H 1
| #define HAVE_STDLIB_H 1
| #define HAVE_STRING_H 1
| #define HAVE_MEMORY_H 1
| #define HAVE_STRINGS_H 1
| #define HAVE_INTTYPES_H 1
| #define HAVE_STDINT_H 1
| #define HAVE_UNISTD_H 1
| #define HAVE_DLFCN_H 1
| #define LT_OBJDIR ".libs/"
| /* end confdefs.h.  */
| #include <pthread.h>
| int
| main ()
| {
| int i = PTHREAD_PRIO_INHERIT;
|   ;
|   return 0;
| }
configure:12665: result: no
configure:12771: checking windows.h usability
configure:12771: gcc -c -g -O2  conftest.c >&5
conftest.c:56:21: fatal error: windows.h: No such file or directory
compilation terminated.
configure:12771: $? = 1
configure: failed program was:
| /* confdefs.h */
| #define PACKAGE_NAME "libmicrohttpd"
| #define PACKAGE_TARNAME "libmicrohttpd"
| #define PACKAGE_VERSION "0.9.40"
| #define PACKAGE_STRING "libmicrohttpd 0.9.40"
| #define PACKAGE_BUGREPORT "libmicrohttpd@gnu.org"
| #define PACKAGE_URL ""
| #define PACKAGE "libmicrohttpd"
| #define VERSION "0.9.40"
| #define STDC_HEADERS 1
| #define HAVE_SYS_TYPES_H 1
| #define HAVE_SYS_STAT_H 1
| #define HAVE_STDLIB_H 1
| #define HAVE_STRING_H 1
| #define HAVE_MEMORY_H 1
| #define HAVE_STRINGS_H 1
| #define HAVE_INTTYPES_H 1
| #define HAVE_STDINT_H 1
| #define HAVE_UNISTD_H 1
| #define HAVE_DLFCN_H 1
| #define LT_OBJDIR ".libs/"
| /* end confdefs.h.  */
| #include <stdio.h>
| #ifdef HAVE_SYS_TYPES_H
| # include <sys/types.h>
| #endif
| #ifdef HAVE_SYS_STAT_H
| # include <sys/stat.h>
| #endif
| #ifdef STDC_HEADERS
| # include <stdlib.h>
| # include <stddef.h>
| #else
| # ifdef HAVE_STDLIB_H
| #  include <stdlib.h>
| # endif
| #endif
| #ifdef HAVE_STRING_H
| # if !defined STDC_HEADERS && defined HAVE_MEMORY_H
| #  include <memory.h>
| # endif
| # include <string.h>
| #endif
| #ifdef HAVE_STRINGS_H
| # include <strings.h>
| #endif
| #ifdef HAVE_INTTYPES_H
| # include <inttypes.h>
| #endif
| #ifdef HAVE_STDINT_H
| # include <stdint.h>
| #endif
| #ifdef HAVE_UNISTD_H
| # include <unistd.h>
| #endif
| #include <windows.h>
configure:12771: result: no
configure:12771: checking windows.h presence
configure:12771: gcc -E  conftest.c
conftest.c:23:21: fatal error: windows.h: No such file or directory
compilation terminated.
configure:12771: $? = 1
configure: failed program was:
| /* confdefs.h */
| #define PACKAGE_NAME "libmicrohttpd"
| #define PACKAGE_TARNAME "libmicrohttpd"
| #define PACKAGE_VERSION "0.9.40"
| #define PACKAGE_STRING "libmicrohttpd 0.9.40"
| #define PACKAGE_BUGREPORT "libmicrohttpd@gnu.org"
| #define PACKAGE_URL ""
| #define PACKAGE "libmicrohttpd"
| #define VERSION "0.9.40"
| #define STDC_HEADERS 1
| #define HAVE_SYS_TYPES_H 1
| #define HAVE_SYS_STAT_H 1
| #define HAVE_STDLIB_H 1
| #define HAVE_STRING_H 1
| #define HAVE_MEMORY_H 1
| #define HAVE_STRINGS_H 1
| #define HAVE_INTTYPES_H 1
| #define HAVE_STDINT_H 1
| #define HAVE_UNISTD_H 1
| #define HAVE_DLFCN_H 1
| #define LT_OBJDIR ".libs/"
| /* end confdefs.h.  */
| #include <windows.h>
configure:12771: result: no
configure:12771: checking for windows.h
configure:12771: result: no
configure:13083: checking whether the linker accepts -fno-strict-aliasing
configure:13102: gcc -o conftest -g -O2    -fno-strict-aliasing conftest.c  >&5
configure:13102: $? = 0
configure:13111: result: yes
configure:13120: checking whether C compiler accepts -fno-strict-aliasing
configure:13139: gcc -c -g -O2  -fno-strict-aliasing  conftest.c >&5
configure:13139: $? = 0
configure:13148: result: yes
configure:13161: : CFLAGS="$CFLAGS $flag"
configure:13164: $? = 0
configure:13184: checking whether byte ordering is bigendian
configure:13199: gcc -c -g -O2 -fno-strict-aliasing  conftest.c >&5
conftest.c:27:9: error: unknown type name 'not'
conftest.c:27:15: error: expected '=', ',', ';', 'asm' or '__attribute__' before 'universal'
conftest.c:27:15: error: unknown type name 'universal'
configure:13199: $? = 1
configure: failed program was:
| /* confdefs.h */
| #define PACKAGE_NAME "libmicrohttpd"
| #define PACKAGE_TARNAME "libmicrohttpd"
| #define PACKAGE_VERSION "0.9.40"
| #define PACKAGE_STRING "libmicrohttpd 0.9.40"
| #define PACKAGE_BUGREPORT "libmicrohttpd@gnu.org"
| #define PACKAGE_URL ""
| #define PACKAGE "libmicrohttpd"
| #define VERSION "0.9.40"
| #define STDC_HEADERS 1
| #define HAVE_SYS_TYPES_H 1
| #define HAVE_SYS_STAT_H 1
| #define HAVE_STDLIB_H 1
| #define HAVE_STRING_H 1
| #define HAVE_MEMORY_H 1
| #define HAVE_STRINGS_H 1
| #define HAVE_INTTYPES_H 1
| #define HAVE_STDINT_H 1
| #define HAVE_UNISTD_H 1
| #define HAVE_DLFCN_H 1
| #define LT_OBJDIR ".libs/"
| #define LINUX 1
| #define HAVE_LISTEN_SHUTDOWN 1
| #define MHD_USE_POSIX_THREADS 1
| /* end confdefs.h.  */
| #ifndef __APPLE_CC__
| 	       not a universal capable compiler
| 	     #endif
| 	     typedef int dummy;
| 
configure:13244: gcc -c -g -O2 -fno-strict-aliasing  conftest.c >&5
configure:13244: $? = 0
configure:13262: gcc -c -g -O2 -fno-strict-aliasing  conftest.c >&5
conftest.c: In function 'main':
conftest.c:33:4: error: unknown type name 'not'
conftest.c:33:12: error: expected '=', ',', ';', 'asm' or '__attribute__' before 'endian'
configure:13262: $? = 1
configure: failed program was:
| /* confdefs.h */
| #define PACKAGE_NAME "libmicrohttpd"
| #define PACKAGE_TARNAME "libmicrohttpd"
| #define PACKAGE_VERSION "0.9.40"
| #define PACKAGE_STRING "libmicrohttpd 0.9.40"
| #define PACKAGE_BUGREPORT "libmicrohttpd@gnu.org"
| #define PACKAGE_URL ""
| #define PACKAGE "libmicrohttpd"
| #define VERSION "0.9.40"
| #define STDC_HEADERS 1
| #define HAVE_SYS_TYPES_H 1
| #define HAVE_SYS_STAT_H 1
| #define HAVE_STDLIB_H 1
| #define HAVE_STRING_H 1
| #define HAVE_MEMORY_H 1
| #define HAVE_STRINGS_H 1
| #define HAVE_INTTYPES_H 1
| #define HAVE_STDINT_H 1
| #define HAVE_UNISTD_H 1
| #define HAVE_DLFCN_H 1
| #define LT_OBJDIR ".libs/"
| #define LINUX 1
| #define HAVE_LISTEN_SHUTDOWN 1
| #define MHD_USE_POSIX_THREADS 1
| /* end confdefs.h.  */
| #include <sys/types.h>
| 		#include <sys/param.h>
| 
| int
| main ()
| {
| #if BYTE_ORDER != BIG_ENDIAN
| 		 not big endian
| 		#endif
| 
|   ;
|   return 0;
| }
configure:13390: result: no
configure:13411: checking for curl
configure:13439: result: no
configure:13457: checking for makeinfo
configure:13485: result: no
configure:13556: checking linux/version.h usability
configure:13556: gcc -c -g -O2 -fno-strict-aliasing  conftest.c >&5
configure:13556: $? = 0
configure:13556: result: yes
configure:13556: checking linux/version.h presence
configure:13556: gcc -E  conftest.c
configure:13556: $? = 0
configure:13556: result: yes
configure:13556: checking for linux/version.h
configure:13556: result: yes
configure:13562: checking for Linux epoll(7) interface
configure:13588: gcc -o conftest -g -O2 -fno-strict-aliasing  -DHAVE_LINUX_VERSION_H  conftest.c  >&5
configure:13588: $? = 0
configure:13599: result: yes
configure:13625: checking for epoll_create1()
configure:13645: gcc -o conftest -g -O2 -fno-strict-aliasing   conftest.c  >&5
configure:13645: $? = 0
configure:13653: result: yes
configure:13669: checking for pthread_setname_np
configure:13682: gcc -o conftest -g -O2 -fno-strict-aliasing -pthread   conftest.c   >&5
configure:13682: $? = 0
configure:13686: result: yes
configure:13702: checking fcntl.h usability
configure:13702: gcc -c -g -O2 -fno-strict-aliasing  conftest.c >&5
configure:13702: $? = 0
configure:13702: result: yes
configure:13702: checking fcntl.h presence
configure:13702: gcc -E  conftest.c
configure:13702: $? = 0
configure:13702: result: yes
configure:13702: checking for fcntl.h
configure:13702: result: yes
configure:13702: checking math.h usability
configure:13702: gcc -c -g -O2 -fno-strict-aliasing  conftest.c >&5
configure:13702: $? = 0
configure:13702: result: yes
configure:13702: checking math.h presence
configure:13702: gcc -E  conftest.c
configure:13702: $? = 0
configure:13702: result: yes
configure:13702: checking for math.h
configure:13702: result: yes
configure:13702: checking errno.h usability
configure:13702: gcc -c -g -O2 -fno-strict-aliasing  conftest.c >&5
configure:13702: $? = 0
configure:13702: result: yes
configure:13702: checking errno.h presence
configure:13702: gcc -E  conftest.c
configure:13702: $? = 0
configure:13702: result: yes
configure:13702: checking for errno.h
configure:13702: result: yes
configure:13702: checking limits.h usability
configure:13702: gcc -c -g -O2 -fno-strict-aliasing  conftest.c >&5
configure:13702: $? = 0
configure:13702: result: yes
configure:13702: checking limits.h presence
configure:13702: gcc -E  conftest.c
configure:13702: $? = 0
configure:13702: result: yes
configure:13702: checking for limits.h
configure:13702: result: yes
configure:13702: checking stdio.h usability
configure:13702: gcc -c -g -O2 -fno-strict-aliasing  conftest.c >&5
configure:13702: $? = 0
configure:13702: result: yes
configure:13702: checking stdio.h presence
configure:13702: gcc -E  conftest.c
configure:13702: $? = 0
configure:13702: result: yes
configure:13702: checking for stdio.h
configure:13702: result: yes
configure:13702: checking locale.h usability
configure:13702: gcc -c -g -O2 -fno-strict-aliasing  conftest.c >&5
configure:13702: $? = 0
configure:13702: result: yes
configure:13702: checking locale.h presence
configure:13702: gcc -E  conftest.c
configure:13702: $? = 0
configure:13702: result: yes
configure:13702: checking for locale.h
configure:13702: result: yes
configure:13702: checking for sys/stat.h
configure:13702: result: yes
configure:13702: checking for sys/types.h
configure:13702: result: yes
configure:13702: checking pthread.h usability
configure:13702: gcc -c -g -O2 -fno-strict-aliasing  conftest.c >&5
configure:13702: $? = 0
configure:13702: result: yes
configure:13702: checking pthread.h presence
configure:13702: gcc -E  conftest.c
configure:13702: $? = 0
configure:13702: result: yes
configure:13702: checking for pthread.h
configure:13702: result: yes
configure:13719: checking for sys/types.h
configure:13719: result: yes
configure:13719: checking sys/time.h usability
configure:13719: gcc -c -g -O2 -fno-strict-aliasing  conftest.c >&5
configure:13719: $? = 0
configure:13719: result: yes
configure:13719: checking sys/time.h presence
configure:13719: gcc -E  conftest.c
configure:13719: $? = 0
configure:13719: result: yes
configure:13719: checking for sys/time.h
configure:13719: result: yes
configure:13719: checking sys/msg.h usability
configure:13719: gcc -c -g -O2 -fno-strict-aliasing  conftest.c >&5
configure:13719: $? = 0
configure:13719: result: yes
configure:13719: checking sys/msg.h presence
configure:13719: gcc -E  conftest.c
configure:13719: $? = 0
configure:13719: result: yes
configure:13719: checking for sys/msg.h
configure:13719: result: yes
configure:13719: checking netdb.h usability
configure:13719: gcc -c -g -O2 -fno-strict-aliasing  conftest.c >&5
configure:13719: $? = 0
configure:13719: result: yes
configure:13719: checking netdb.h presence
configure:13719: gcc -E  conftest.c
configure:13719: $? = 0
configure:13719: result: yes
configure:13719: checking for netdb.h
configure:13719: result: yes
configure:13719: checking netinet/in.h usability
configure:13719: gcc -c -g -O2 -fno-strict-aliasing  conftest.c >&5
configure:13719: $? = 0
configure:13719: result: yes
configure:13719: checking netinet/in.h presence
configure:13719: gcc -E  conftest.c
configure:13719: $? = 0
configure:13719: result: yes
configure:13719: checking for netinet/in.h
configure:13719: result: yes
configure:13719: checking netinet/tcp.h usability
configure:13719: gcc -c -g -O2 -fno-strict-aliasing  conftest.c >&5
configure:13719: $? = 0
configure:13719: result: yes
configure:13719: checking netinet/tcp.h presence
configure:13719: gcc -E  conftest.c
configure:13719: $? = 0
configure:13719: result: yes
configure:13719: checking for netinet/tcp.h
configure:13719: result: yes
configure:13719: checking time.h usability
configure:13719: gcc -c -g -O2 -fno-strict-aliasing  conftest.c >&5
configure:13719: $? = 0
configure:13719: result: yes
configure:13719: checking time.h presence
configure:13719: gcc -E  conftest.c
configure:13719: $? = 0
configure:13719: result: yes
configure:13719: checking for time.h
configure:13719: result: yes
configure:13719: checking sys/socket.h usability
configure:13719: gcc -c -g -O2 -fno-strict-aliasing  conftest.c >&5
configure:13719: $? = 0
configure:13719: result: yes
configure:13719: checking sys/socket.h presence
configure:13719: gcc -E  conftest.c
configure:13719: $? = 0
configure:13719: result: yes
configure:13719: checking for sys/socket.h
configure:13719: result: yes
configure:13719: checking sys/mman.h usability
configure:13719: gcc -c -g -O2 -fno-strict-aliasing  conftest.c >&5
configure:13719: $? = 0
configure:13719: result: yes
configure:13719: checking sys/mman.h presence
configure:13719: gcc -E  conftest.c
configure:13719: $? = 0
configure:13719: result: yes
configure:13719: checking for sys/mman.h
configure:13719: result: yes
configure:13719: checking arpa/inet.h usability
configure:13719: gcc -c -g -O2 -fno-strict-aliasing  conftest.c >&5
configure:13719: $? = 0
configure:13719: result: yes
configure:13719: checking arpa/inet.h presence
configure:13719: gcc -E  conftest.c
configure:13719: $? = 0
configure:13719: result: yes
configure:13719: checking for arpa/inet.h
configure:13719: result: yes
configure:13719: checking sys/select.h usability
configure:13719: gcc -c -g -O2 -fno-strict-aliasing  conftest.c >&5
configure:13719: $? = 0
configure:13719: result: yes
configure:13719: checking sys/select.h presence
configure:13719: gcc -E  conftest.c
configure:13719: $? = 0
configure:13719: result: yes
configure:13719: checking for sys/select.h
configure:13719: result: yes
configure:13719: checking poll.h usability
configure:13719: gcc -c -g -O2 -fno-strict-aliasing  conftest.c >&5
configure:13719: $? = 0
configure:13719: result: yes
configure:13719: checking poll.h presence
configure:13719: gcc -E  conftest.c
configure:13719: $? = 0
configure:13719: result: yes
configure:13719: checking for poll.h
configure:13719: result: yes
configure:13719: checking search.h usability
configure:13719: gcc -c -g -O2 -fno-strict-aliasing  conftest.c >&5
configure:13719: $? = 0
configure:13719: result: yes
configure:13719: checking search.h presence
configure:13719: gcc -E  conftest.c
configure:13719: $? = 0
configure:13719: result: yes
configure:13719: checking for search.h
configure:13719: result: yes
configure:13738: checking for struct sockaddr_in.sin_len
configure:13738: gcc -c -g -O2 -fno-strict-aliasing  conftest.c >&5
conftest.c: In function 'main':
conftest.c:67:12: error: 'struct sockaddr_in' has no member named 'sin_len'
configure:13738: $? = 1
configure: failed program was:
| /* confdefs.h */
| #define PACKAGE_NAME "libmicrohttpd"
| #define PACKAGE_TARNAME "libmicrohttpd"
| #define PACKAGE_VERSION "0.9.40"
| #define PACKAGE_STRING "libmicrohttpd 0.9.40"
| #define PACKAGE_BUGREPORT "libmicrohttpd@gnu.org"
| #define PACKAGE_URL ""
| #define PACKAGE "libmicrohttpd"
| #define VERSION "0.9.40"
| #define STDC_HEADERS 1
| #define HAVE_SYS_TYPES_H 1
| #define HAVE_SYS_STAT_H 1
| #define HAVE_STDLIB_H 1
| #define HAVE_STRING_H 1
| #define HAVE_MEMORY_H 1
| #define HAVE_STRINGS_H 1
| #define HAVE_INTTYPES_H 1
| #define HAVE_STDINT_H 1
| #define HAVE_UNISTD_H 1
| #define HAVE_DLFCN_H 1
| #define LT_OBJDIR ".libs/"
| #define LINUX 1
| #define HAVE_LISTEN_SHUTDOWN 1
| #define MHD_USE_POSIX_THREADS 1
| #define EPOLL_SUPPORT 1
| #define HAVE_EPOLL_CREATE1 1
| #define HAVE_PTHREAD_SETNAME_NP 1
| #define HAVE_FCNTL_H 1
| #define HAVE_MATH_H 1
| #define HAVE_ERRNO_H 1
| #define HAVE_LIMITS_H 1
| #define HAVE_STDIO_H 1
| #define HAVE_LOCALE_H 1
| #define HAVE_SYS_STAT_H 1
| #define HAVE_SYS_TYPES_H 1
| #define HAVE_PTHREAD_H 1
| #define HAVE_SYS_TYPES_H 1
| #define HAVE_SYS_TIME_H 1
| #define HAVE_SYS_MSG_H 1
| #define HAVE_NETDB_H 1
| #define HAVE_NETINET_IN_H 1
| #define HAVE_NETINET_TCP_H 1
| #define HAVE_TIME_H 1
| #define HAVE_SYS_SOCKET_H 1
| #define HAVE_SYS_MMAN_H 1
| #define HAVE_ARPA_INET_H 1
| #define HAVE_SYS_SELECT_H 1
| #define HAVE_POLL_H 1
| #define HAVE_SEARCH_H 1
| /* end confdefs.h.  */
| 
|     #ifdef HAVE_SYS_TYPES_H
|       #include <sys/types.h>
|     #endif
|     #ifdef HAVE_SYS_SOCKET_H
|       #include <sys/socket.h>
|     #endif
|     #ifdef HAVE_NETINET_IN_H
|       #include <netinet/in.h>
|     #endif
| 
| 
| int
| main ()
| {
| static struct sockaddr_in ac_aggr;
| if (ac_aggr.sin_len)
| return 0;
|   ;
|   return 0;
| }
configure:13738: gcc -c -g -O2 -fno-strict-aliasing  conftest.c >&5
conftest.c: In function 'main':
conftest.c:67:19: error: 'struct sockaddr_in' has no member named 'sin_len'
configure:13738: $? = 1
configure: failed program was:
| /* confdefs.h */
| #define PACKAGE_NAME "libmicrohttpd"
| #define PACKAGE_TARNAME "libmicrohttpd"
| #define PACKAGE_VERSION "0.9.40"
| #define PACKAGE_STRING "libmicrohttpd 0.9.40"
| #define PACKAGE_BUGREPORT "libmicrohttpd@gnu.org"
| #define PACKAGE_URL ""
| #define PACKAGE "libmicrohttpd"
| #define VERSION "0.9.40"
| #define STDC_HEADERS 1
| #define HAVE_SYS_TYPES_H 1
| #define HAVE_SYS_STAT_H 1
| #define HAVE_STDLIB_H 1
| #define HAVE_STRING_H 1
| #define HAVE_MEMORY_H 1
| #define HAVE_STRINGS_H 1
| #define HAVE_INTTYPES_H 1
| #define HAVE_STDINT_H 1
| #define HAVE_UNISTD_H 1
| #define HAVE_DLFCN_H 1
| #define LT_OBJDIR ".libs/"
| #define LINUX 1
| #define HAVE_LISTEN_SHUTDOWN 1
| #define MHD_USE_POSIX_THREADS 1
| #define EPOLL_SUPPORT 1
| #define HAVE_EPOLL_CREATE1 1
| #define HAVE_PTHREAD_SETNAME_NP 1
| #define HAVE_FCNTL_H 1
| #define HAVE_MATH_H 1
| #define HAVE_ERRNO_H 1
| #define HAVE_LIMITS_H 1
| #define HAVE_STDIO_H 1
| #define HAVE_LOCALE_H 1
| #define HAVE_SYS_STAT_H 1
| #define HAVE_SYS_TYPES_H 1
| #define HAVE_PTHREAD_H 1
| #define HAVE_SYS_TYPES_H 1
| #define HAVE_SYS_TIME_H 1
| #define HAVE_SYS_MSG_H 1
| #define HAVE_NETDB_H 1
| #define HAVE_NETINET_IN_H 1
| #define HAVE_NETINET_TCP_H 1
| #define HAVE_TIME_H 1
| #define HAVE_SYS_SOCKET_H 1
| #define HAVE_SYS_MMAN_H 1
| #define HAVE_ARPA_INET_H 1
| #define HAVE_SYS_SELECT_H 1
| #define HAVE_POLL_H 1
| #define HAVE_SEARCH_H 1
| /* end confdefs.h.  */
| 
|     #ifdef HAVE_SYS_TYPES_H
|       #include <sys/types.h>
|     #endif
|     #ifdef HAVE_SYS_SOCKET_H
|       #include <sys/socket.h>
|     #endif
|     #ifdef HAVE_NETINET_IN_H
|       #include <netinet/in.h>
|     #endif
| 
| 
| int
| main ()
| {
| static struct sockaddr_in ac_aggr;
| if (sizeof ac_aggr.sin_len)
| return 0;
|   ;
|   return 0;
| }
configure:13738: result: no
configure:13759: checking whether to enable signaling by socketpair
configure:13822: result: no
configure:13842: checking for memmem
configure:13842: gcc -o conftest -g -O2 -fno-strict-aliasing   conftest.c  >&5
configure:13842: $? = 0
configure:13842: result: yes
configure:13842: checking for accept4
configure:13842: gcc -o conftest -g -O2 -fno-strict-aliasing   conftest.c  >&5
configure:13842: $? = 0
configure:13842: result: yes
configure:13856: checking for gmtime_s
configure:13870: gcc -o conftest -g -O2 -fno-strict-aliasing   conftest.c  >&5
/tmp/cchcU9f1.o: In function `main':
/home/zhangpan/work/openzwave-control-panel/open-zwave-control-panel-master/libmicrohttpd/conftest.c:57: undefined reference to `gmtime_s'
collect2: ld returned 1 exit status
configure:13870: $? = 1
configure: failed program was:
| /* confdefs.h */
| #define PACKAGE_NAME "libmicrohttpd"
| #define PACKAGE_TARNAME "libmicrohttpd"
| #define PACKAGE_VERSION "0.9.40"
| #define PACKAGE_STRING "libmicrohttpd 0.9.40"
| #define PACKAGE_BUGREPORT "libmicrohttpd@gnu.org"
| #define PACKAGE_URL ""
| #define PACKAGE "libmicrohttpd"
| #define VERSION "0.9.40"
| #define STDC_HEADERS 1
| #define HAVE_SYS_TYPES_H 1
| #define HAVE_SYS_STAT_H 1
| #define HAVE_STDLIB_H 1
| #define HAVE_STRING_H 1
| #define HAVE_MEMORY_H 1
| #define HAVE_STRINGS_H 1
| #define HAVE_INTTYPES_H 1
| #define HAVE_STDINT_H 1
| #define HAVE_UNISTD_H 1
| #define HAVE_DLFCN_H 1
| #define LT_OBJDIR ".libs/"
| #define LINUX 1
| #define HAVE_LISTEN_SHUTDOWN 1
| #define MHD_USE_POSIX_THREADS 1
| #define EPOLL_SUPPORT 1
| #define HAVE_EPOLL_CREATE1 1
| #define HAVE_PTHREAD_SETNAME_NP 1
| #define HAVE_FCNTL_H 1
| #define HAVE_MATH_H 1
| #define HAVE_ERRNO_H 1
| #define HAVE_LIMITS_H 1
| #define HAVE_STDIO_H 1
| #define HAVE_LOCALE_H 1
| #define HAVE_SYS_STAT_H 1
| #define HAVE_SYS_TYPES_H 1
| #define HAVE_PTHREAD_H 1
| #define HAVE_SYS_TYPES_H 1
| #define HAVE_SYS_TIME_H 1
| #define HAVE_SYS_MSG_H 1
| #define HAVE_NETDB_H 1
| #define HAVE_NETINET_IN_H 1
| #define HAVE_NETINET_TCP_H 1
| #define HAVE_TIME_H 1
| #define HAVE_SYS_SOCKET_H 1
| #define HAVE_SYS_MMAN_H 1
| #define HAVE_ARPA_INET_H 1
| #define HAVE_SYS_SELECT_H 1
| #define HAVE_POLL_H 1
| #define HAVE_SEARCH_H 1
| #define HAVE_MEMMEM 1
| #define HAVE_ACCEPT4 1
| /* end confdefs.h.  */
|  #include <time.h>
| int
| main ()
| {
| struct tm now; time_t t; time (&t); gmtime_s (&now, &t)
|   ;
|   return 0;
| }
| 
configure:13879: result: no
configure:13887: checking whether SOCK_NONBLOCK is declared
configure:13887: gcc -c -g -O2 -fno-strict-aliasing  conftest.c >&5
configure:13887: $? = 0
configure:13887: result: yes
configure:13915: checking for library containing clock_gettime
configure:13946: gcc -o conftest -g -O2 -fno-strict-aliasing   conftest.c  >&5
/tmp/ccFNnuN6.o: In function `main':
/home/zhangpan/work/openzwave-control-panel/open-zwave-control-panel-master/libmicrohttpd/conftest.c:66: undefined reference to `clock_gettime'
collect2: ld returned 1 exit status
configure:13946: $? = 1
configure: failed program was:
| /* confdefs.h */
| #define PACKAGE_NAME "libmicrohttpd"
| #define PACKAGE_TARNAME "libmicrohttpd"
| #define PACKAGE_VERSION "0.9.40"
| #define PACKAGE_STRING "libmicrohttpd 0.9.40"
| #define PACKAGE_BUGREPORT "libmicrohttpd@gnu.org"
| #define PACKAGE_URL ""
| #define PACKAGE "libmicrohttpd"
| #define VERSION "0.9.40"
| #define STDC_HEADERS 1
| #define HAVE_SYS_TYPES_H 1
| #define HAVE_SYS_STAT_H 1
| #define HAVE_STDLIB_H 1
| #define HAVE_STRING_H 1
| #define HAVE_MEMORY_H 1
| #define HAVE_STRINGS_H 1
| #define HAVE_INTTYPES_H 1
| #define HAVE_STDINT_H 1
| #define HAVE_UNISTD_H 1
| #define HAVE_DLFCN_H 1
| #define LT_OBJDIR ".libs/"
| #define LINUX 1
| #define HAVE_LISTEN_SHUTDOWN 1
| #define MHD_USE_POSIX_THREADS 1
| #define EPOLL_SUPPORT 1
| #define HAVE_EPOLL_CREATE1 1
| #define HAVE_PTHREAD_SETNAME_NP 1
| #define HAVE_FCNTL_H 1
| #define HAVE_MATH_H 1
| #define HAVE_ERRNO_H 1
| #define HAVE_LIMITS_H 1
| #define HAVE_STDIO_H 1
| #define HAVE_LOCALE_H 1
| #define HAVE_SYS_STAT_H 1
| #define HAVE_SYS_TYPES_H 1
| #define HAVE_PTHREAD_H 1
| #define HAVE_SYS_TYPES_H 1
| #define HAVE_SYS_TIME_H 1
| #define HAVE_SYS_MSG_H 1
| #define HAVE_NETDB_H 1
| #define HAVE_NETINET_IN_H 1
| #define HAVE_NETINET_TCP_H 1
| #define HAVE_TIME_H 1
| #define HAVE_SYS_SOCKET_H 1
| #define HAVE_SYS_MMAN_H 1
| #define HAVE_ARPA_INET_H 1
| #define HAVE_SYS_SELECT_H 1
| #define HAVE_POLL_H 1
| #define HAVE_SEARCH_H 1
| #define HAVE_MEMMEM 1
| #define HAVE_ACCEPT4 1
| #define HAVE_DECL_SOCK_NONBLOCK 1
| #define HAVE_SOCK_NONBLOCK 1
| /* end confdefs.h.  */
| 
| /* Override any GCC internal prototype to avoid an error.
|    Use char because int might match the return type of a GCC
|    builtin and then its argument prototype would still apply.  */
| #ifdef __cplusplus
| extern "C"
| #endif
| char clock_gettime ();
| int
| main ()
| {
| return clock_gettime ();
|   ;
|   return 0;
| }
configure:13946: gcc -o conftest -g -O2 -fno-strict-aliasing   conftest.c -lrt   >&5
configure:13946: $? = 0
configure:13963: result: -lrt
configure:13977: checking for IPv6
configure:14009: gcc -c -g -O2 -fno-strict-aliasing  conftest.c >&5
configure:14009: $? = 0
configure:14022: result: yes
configure:14026: checking whether TCP_CORK is declared
configure:14026: gcc -c -g -O2 -fno-strict-aliasing  conftest.c >&5
configure:14026: $? = 0
configure:14026: result: yes
configure:14037: checking whether TCP_NOPUSH is declared
configure:14037: gcc -c -g -O2 -fno-strict-aliasing  conftest.c >&5
conftest.c: In function 'main':
conftest.c:67:10: error: 'TCP_NOPUSH' undeclared (first use in this function)
conftest.c:67:10: note: each undeclared identifier is reported only once for each function it appears in
configure:14037: $? = 1
configure: failed program was:
| /* confdefs.h */
| #define PACKAGE_NAME "libmicrohttpd"
| #define PACKAGE_TARNAME "libmicrohttpd"
| #define PACKAGE_VERSION "0.9.40"
| #define PACKAGE_STRING "libmicrohttpd 0.9.40"
| #define PACKAGE_BUGREPORT "libmicrohttpd@gnu.org"
| #define PACKAGE_URL ""
| #define PACKAGE "libmicrohttpd"
| #define VERSION "0.9.40"
| #define STDC_HEADERS 1
| #define HAVE_SYS_TYPES_H 1
| #define HAVE_SYS_STAT_H 1
| #define HAVE_STDLIB_H 1
| #define HAVE_STRING_H 1
| #define HAVE_MEMORY_H 1
| #define HAVE_STRINGS_H 1
| #define HAVE_INTTYPES_H 1
| #define HAVE_STDINT_H 1
| #define HAVE_UNISTD_H 1
| #define HAVE_DLFCN_H 1
| #define LT_OBJDIR ".libs/"
| #define LINUX 1
| #define HAVE_LISTEN_SHUTDOWN 1
| #define MHD_USE_POSIX_THREADS 1
| #define EPOLL_SUPPORT 1
| #define HAVE_EPOLL_CREATE1 1
| #define HAVE_PTHREAD_SETNAME_NP 1
| #define HAVE_FCNTL_H 1
| #define HAVE_MATH_H 1
| #define HAVE_ERRNO_H 1
| #define HAVE_LIMITS_H 1
| #define HAVE_STDIO_H 1
| #define HAVE_LOCALE_H 1
| #define HAVE_SYS_STAT_H 1
| #define HAVE_SYS_TYPES_H 1
| #define HAVE_PTHREAD_H 1
| #define HAVE_SYS_TYPES_H 1
| #define HAVE_SYS_TIME_H 1
| #define HAVE_SYS_MSG_H 1
| #define HAVE_NETDB_H 1
| #define HAVE_NETINET_IN_H 1
| #define HAVE_NETINET_TCP_H 1
| #define HAVE_TIME_H 1
| #define HAVE_SYS_SOCKET_H 1
| #define HAVE_SYS_MMAN_H 1
| #define HAVE_ARPA_INET_H 1
| #define HAVE_SYS_SELECT_H 1
| #define HAVE_POLL_H 1
| #define HAVE_SEARCH_H 1
| #define HAVE_MEMMEM 1
| #define HAVE_ACCEPT4 1
| #define HAVE_DECL_SOCK_NONBLOCK 1
| #define HAVE_SOCK_NONBLOCK 1
| #define HAVE_CLOCK_GETTIME 1
| #define HAVE_INET6 1
| #define HAVE_DECL_TCP_CORK 1
| /* end confdefs.h.  */
| #include <netinet/tcp.h>
| 
| int
| main ()
| {
| #ifndef TCP_NOPUSH
| #ifdef __cplusplus
|   (void) TCP_NOPUSH;
| #else
|   (void) TCP_NOPUSH;
| #endif
| #endif
| 
|   ;
|   return 0;
| }
configure:14037: result: no
configure:14059: checking whether the linker accepts -fvisibility=hidden
configure:14078: gcc -o conftest -g -O2 -fno-strict-aliasing    -fvisibility=hidden conftest.c -lrt  >&5
configure:14078: $? = 0
configure:14087: result: yes
configure:14090: checking whether C compiler accepts -fvisibility=hidden
configure:14109: gcc -c -g -O2 -fno-strict-aliasing  -fvisibility=hidden  conftest.c >&5
configure:14109: $? = 0
configure:14117: result: yes
configure:14184: checking for gawk
configure:14211: result: mawk
configure:14273: checking for curl-config
configure:14306: result: no
configure:14382: checking whether libcurl is usable
configure:14416: gcc -o conftest -g -O2 -fno-strict-aliasing    conftest.c  -lcurl -lrt  >&5
conftest.c:60:23: fatal error: curl/curl.h: No such file or directory
compilation terminated.
configure:14416: $? = 1
configure: failed program was:
| /* confdefs.h */
| #define PACKAGE_NAME "libmicrohttpd"
| #define PACKAGE_TARNAME "libmicrohttpd"
| #define PACKAGE_VERSION "0.9.40"
| #define PACKAGE_STRING "libmicrohttpd 0.9.40"
| #define PACKAGE_BUGREPORT "libmicrohttpd@gnu.org"
| #define PACKAGE_URL ""
| #define PACKAGE "libmicrohttpd"
| #define VERSION "0.9.40"
| #define STDC_HEADERS 1
| #define HAVE_SYS_TYPES_H 1
| #define HAVE_SYS_STAT_H 1
| #define HAVE_STDLIB_H 1
| #define HAVE_STRING_H 1
| #define HAVE_MEMORY_H 1
| #define HAVE_STRINGS_H 1
| #define HAVE_INTTYPES_H 1
| #define HAVE_STDINT_H 1
| #define HAVE_UNISTD_H 1
| #define HAVE_DLFCN_H 1
| #define LT_OBJDIR ".libs/"
| #define LINUX 1
| #define HAVE_LISTEN_SHUTDOWN 1
| #define MHD_USE_POSIX_THREADS 1
| #define EPOLL_SUPPORT 1
| #define HAVE_EPOLL_CREATE1 1
| #define HAVE_PTHREAD_SETNAME_NP 1
| #define HAVE_FCNTL_H 1
| #define HAVE_MATH_H 1
| #define HAVE_ERRNO_H 1
| #define HAVE_LIMITS_H 1
| #define HAVE_STDIO_H 1
| #define HAVE_LOCALE_H 1
| #define HAVE_SYS_STAT_H 1
| #define HAVE_SYS_TYPES_H 1
| #define HAVE_PTHREAD_H 1
| #define HAVE_SYS_TYPES_H 1
| #define HAVE_SYS_TIME_H 1
| #define HAVE_SYS_MSG_H 1
| #define HAVE_NETDB_H 1
| #define HAVE_NETINET_IN_H 1
| #define HAVE_NETINET_TCP_H 1
| #define HAVE_TIME_H 1
| #define HAVE_SYS_SOCKET_H 1
| #define HAVE_SYS_MMAN_H 1
| #define HAVE_ARPA_INET_H 1
| #define HAVE_SYS_SELECT_H 1
| #define HAVE_POLL_H 1
| #define HAVE_SEARCH_H 1
| #define HAVE_MEMMEM 1
| #define HAVE_ACCEPT4 1
| #define HAVE_DECL_SOCK_NONBLOCK 1
| #define HAVE_SOCK_NONBLOCK 1
| #define HAVE_CLOCK_GETTIME 1
| #define HAVE_INET6 1
| #define HAVE_DECL_TCP_CORK 1
| #define HAVE_DECL_TCP_NOPUSH 0
| #define _MHD_EXTERN __attribute__((visibility("default"))) extern
| /* end confdefs.h.  */
| #include <curl/curl.h>
| int
| main ()
| {
| 
| /* Try and use a few common options to force a failure if we are
|    missing symbols or can't link. */
| int x;
| curl_easy_setopt(NULL,CURLOPT_URL,NULL);
| x=CURL_ERROR_SIZE;
| x=CURLOPT_WRITEFUNCTION;
| x=CURLOPT_FILE;
| x=CURLOPT_ERRORBUFFER;
| x=CURLOPT_STDERR;
| x=CURLOPT_VERBOSE;
| if (x) ;
| 
|   ;
|   return 0;
| }
configure:14430: result: no
configure:14563: checking for magic_open in -lmagic
configure:14588: gcc -o conftest -g -O2 -fno-strict-aliasing   conftest.c -lmagic  -lrt  >&5
/usr/bin/ld: cannot find -lmagic
collect2: ld returned 1 exit status
configure:14588: $? = 1
configure: failed program was:
| /* confdefs.h */
| #define PACKAGE_NAME "libmicrohttpd"
| #define PACKAGE_TARNAME "libmicrohttpd"
| #define PACKAGE_VERSION "0.9.40"
| #define PACKAGE_STRING "libmicrohttpd 0.9.40"
| #define PACKAGE_BUGREPORT "libmicrohttpd@gnu.org"
| #define PACKAGE_URL ""
| #define PACKAGE "libmicrohttpd"
| #define VERSION "0.9.40"
| #define STDC_HEADERS 1
| #define HAVE_SYS_TYPES_H 1
| #define HAVE_SYS_STAT_H 1
| #define HAVE_STDLIB_H 1
| #define HAVE_STRING_H 1
| #define HAVE_MEMORY_H 1
| #define HAVE_STRINGS_H 1
| #define HAVE_INTTYPES_H 1
| #define HAVE_STDINT_H 1
| #define HAVE_UNISTD_H 1
| #define HAVE_DLFCN_H 1
| #define LT_OBJDIR ".libs/"
| #define LINUX 1
| #define HAVE_LISTEN_SHUTDOWN 1
| #define MHD_USE_POSIX_THREADS 1
| #define EPOLL_SUPPORT 1
| #define HAVE_EPOLL_CREATE1 1
| #define HAVE_PTHREAD_SETNAME_NP 1
| #define HAVE_FCNTL_H 1
| #define HAVE_MATH_H 1
| #define HAVE_ERRNO_H 1
| #define HAVE_LIMITS_H 1
| #define HAVE_STDIO_H 1
| #define HAVE_LOCALE_H 1
| #define HAVE_SYS_STAT_H 1
| #define HAVE_SYS_TYPES_H 1
| #define HAVE_PTHREAD_H 1
| #define HAVE_SYS_TYPES_H 1
| #define HAVE_SYS_TIME_H 1
| #define HAVE_SYS_MSG_H 1
| #define HAVE_NETDB_H 1
| #define HAVE_NETINET_IN_H 1
| #define HAVE_NETINET_TCP_H 1
| #define HAVE_TIME_H 1
| #define HAVE_SYS_SOCKET_H 1
| #define HAVE_SYS_MMAN_H 1
| #define HAVE_ARPA_INET_H 1
| #define HAVE_SYS_SELECT_H 1
| #define HAVE_POLL_H 1
| #define HAVE_SEARCH_H 1
| #define HAVE_MEMMEM 1
| #define HAVE_ACCEPT4 1
| #define HAVE_DECL_SOCK_NONBLOCK 1
| #define HAVE_SOCK_NONBLOCK 1
| #define HAVE_CLOCK_GETTIME 1
| #define HAVE_INET6 1
| #define HAVE_DECL_TCP_CORK 1
| #define HAVE_DECL_TCP_NOPUSH 0
| #define _MHD_EXTERN __attribute__((visibility("default"))) extern
| /* end confdefs.h.  */
| 
| /* Override any GCC internal prototype to avoid an error.
|    Use char because int might match the return type of a GCC
|    builtin and then its argument prototype would still apply.  */
| #ifdef __cplusplus
| extern "C"
| #endif
| char magic_open ();
| int
| main ()
| {
| return magic_open ();
|   ;
|   return 0;
| }
configure:14597: result: no
configure:14674: checking for pkg-config
configure:14692: found /usr/bin/pkg-config
configure:14704: result: /usr/bin/pkg-config
configure:14737: checking for openssl/ssl.h in /usr/local/ssl
configure:14748: result: no
configure:14737: checking for openssl/ssl.h in /usr/lib/ssl
configure:14748: result: no
configure:14737: checking for openssl/ssl.h in /usr/ssl
configure:14748: result: no
configure:14737: checking for openssl/ssl.h in /usr/pkg
configure:14748: result: no
configure:14737: checking for openssl/ssl.h in /usr/local
configure:14748: result: no
configure:14737: checking for openssl/ssl.h in /usr
configure:14748: result: no
configure:14760: checking whether compiling and linking against OpenSSL works
Trying link with OPENSSL_LDFLAGS=; OPENSSL_LIBS=; OPENSSL_INCLUDES=
configure:14782: gcc -o conftest -g -O2 -fno-strict-aliasing     conftest.c  -lrt  >&5
conftest.c:60:25: fatal error: openssl/ssl.h: No such file or directory
compilation terminated.
configure:14782: $? = 1
configure: failed program was:
| /* confdefs.h */
| #define PACKAGE_NAME "libmicrohttpd"
| #define PACKAGE_TARNAME "libmicrohttpd"
| #define PACKAGE_VERSION "0.9.40"
| #define PACKAGE_STRING "libmicrohttpd 0.9.40"
| #define PACKAGE_BUGREPORT "libmicrohttpd@gnu.org"
| #define PACKAGE_URL ""
| #define PACKAGE "libmicrohttpd"
| #define VERSION "0.9.40"
| #define STDC_HEADERS 1
| #define HAVE_SYS_TYPES_H 1
| #define HAVE_SYS_STAT_H 1
| #define HAVE_STDLIB_H 1
| #define HAVE_STRING_H 1
| #define HAVE_MEMORY_H 1
| #define HAVE_STRINGS_H 1
| #define HAVE_INTTYPES_H 1
| #define HAVE_STDINT_H 1
| #define HAVE_UNISTD_H 1
| #define HAVE_DLFCN_H 1
| #define LT_OBJDIR ".libs/"
| #define LINUX 1
| #define HAVE_LISTEN_SHUTDOWN 1
| #define MHD_USE_POSIX_THREADS 1
| #define EPOLL_SUPPORT 1
| #define HAVE_EPOLL_CREATE1 1
| #define HAVE_PTHREAD_SETNAME_NP 1
| #define HAVE_FCNTL_H 1
| #define HAVE_MATH_H 1
| #define HAVE_ERRNO_H 1
| #define HAVE_LIMITS_H 1
| #define HAVE_STDIO_H 1
| #define HAVE_LOCALE_H 1
| #define HAVE_SYS_STAT_H 1
| #define HAVE_SYS_TYPES_H 1
| #define HAVE_PTHREAD_H 1
| #define HAVE_SYS_TYPES_H 1
| #define HAVE_SYS_TIME_H 1
| #define HAVE_SYS_MSG_H 1
| #define HAVE_NETDB_H 1
| #define HAVE_NETINET_IN_H 1
| #define HAVE_NETINET_TCP_H 1
| #define HAVE_TIME_H 1
| #define HAVE_SYS_SOCKET_H 1
| #define HAVE_SYS_MMAN_H 1
| #define HAVE_ARPA_INET_H 1
| #define HAVE_SYS_SELECT_H 1
| #define HAVE_POLL_H 1
| #define HAVE_SEARCH_H 1
| #define HAVE_MEMMEM 1
| #define HAVE_ACCEPT4 1
| #define HAVE_DECL_SOCK_NONBLOCK 1
| #define HAVE_SOCK_NONBLOCK 1
| #define HAVE_CLOCK_GETTIME 1
| #define HAVE_INET6 1
| #define HAVE_DECL_TCP_CORK 1
| #define HAVE_DECL_TCP_NOPUSH 0
| #define _MHD_EXTERN __attribute__((visibility("default"))) extern
| /* end confdefs.h.  */
| #include <openssl/ssl.h>
| int
| main ()
| {
| SSL_new(NULL)
|   ;
|   return 0;
| }
configure:14790: result: no
configure:14893: checking whether we have OpenSSL and thus can support libmicrospdy
configure:14895: result: no
configure:14912: checking spdylay/spdylay.h usability
configure:14912: gcc -c -g -O2 -fno-strict-aliasing  conftest.c >&5
conftest.c:94:29: fatal error: spdylay/spdylay.h: No such file or directory
compilation terminated.
configure:14912: $? = 1
configure: failed program was:
| /* confdefs.h */
| #define PACKAGE_NAME "libmicrohttpd"
| #define PACKAGE_TARNAME "libmicrohttpd"
| #define PACKAGE_VERSION "0.9.40"
| #define PACKAGE_STRING "libmicrohttpd 0.9.40"
| #define PACKAGE_BUGREPORT "libmicrohttpd@gnu.org"
| #define PACKAGE_URL ""
| #define PACKAGE "libmicrohttpd"
| #define VERSION "0.9.40"
| #define STDC_HEADERS 1
| #define HAVE_SYS_TYPES_H 1
| #define HAVE_SYS_STAT_H 1
| #define HAVE_STDLIB_H 1
| #define HAVE_STRING_H 1
| #define HAVE_MEMORY_H 1
| #define HAVE_STRINGS_H 1
| #define HAVE_INTTYPES_H 1
| #define HAVE_STDINT_H 1
| #define HAVE_UNISTD_H 1
| #define HAVE_DLFCN_H 1
| #define LT_OBJDIR ".libs/"
| #define LINUX 1
| #define HAVE_LISTEN_SHUTDOWN 1
| #define MHD_USE_POSIX_THREADS 1
| #define EPOLL_SUPPORT 1
| #define HAVE_EPOLL_CREATE1 1
| #define HAVE_PTHREAD_SETNAME_NP 1
| #define HAVE_FCNTL_H 1
| #define HAVE_MATH_H 1
| #define HAVE_ERRNO_H 1
| #define HAVE_LIMITS_H 1
| #define HAVE_STDIO_H 1
| #define HAVE_LOCALE_H 1
| #define HAVE_SYS_STAT_H 1
| #define HAVE_SYS_TYPES_H 1
| #define HAVE_PTHREAD_H 1
| #define HAVE_SYS_TYPES_H 1
| #define HAVE_SYS_TIME_H 1
| #define HAVE_SYS_MSG_H 1
| #define HAVE_NETDB_H 1
| #define HAVE_NETINET_IN_H 1
| #define HAVE_NETINET_TCP_H 1
| #define HAVE_TIME_H 1
| #define HAVE_SYS_SOCKET_H 1
| #define HAVE_SYS_MMAN_H 1
| #define HAVE_ARPA_INET_H 1
| #define HAVE_SYS_SELECT_H 1
| #define HAVE_POLL_H 1
| #define HAVE_SEARCH_H 1
| #define HAVE_MEMMEM 1
| #define HAVE_ACCEPT4 1
| #define HAVE_DECL_SOCK_NONBLOCK 1
| #define HAVE_SOCK_NONBLOCK 1
| #define HAVE_CLOCK_GETTIME 1
| #define HAVE_INET6 1
| #define HAVE_DECL_TCP_CORK 1
| #define HAVE_DECL_TCP_NOPUSH 0
| #define _MHD_EXTERN __attribute__((visibility("default"))) extern
| #define SPDY_SUPPORT 0
| /* end confdefs.h.  */
| #include <stdio.h>
| #ifdef HAVE_SYS_TYPES_H
| # include <sys/types.h>
| #endif
| #ifdef HAVE_SYS_STAT_H
| # include <sys/stat.h>
| #endif
| #ifdef STDC_HEADERS
| # include <stdlib.h>
| # include <stddef.h>
| #else
| # ifdef HAVE_STDLIB_H
| #  include <stdlib.h>
| # endif
| #endif
| #ifdef HAVE_STRING_H
| # if !defined STDC_HEADERS && defined HAVE_MEMORY_H
| #  include <memory.h>
| # endif
| # include <string.h>
| #endif
| #ifdef HAVE_STRINGS_H
| # include <strings.h>
| #endif
| #ifdef HAVE_INTTYPES_H
| # include <inttypes.h>
| #endif
| #ifdef HAVE_STDINT_H
| # include <stdint.h>
| #endif
| #ifdef HAVE_UNISTD_H
| # include <unistd.h>
| #endif
| #include <spdylay/spdylay.h>
configure:14912: result: no
configure:14912: checking spdylay/spdylay.h presence
configure:14912: gcc -E  conftest.c
conftest.c:61:29: fatal error: spdylay/spdylay.h: No such file or directory
compilation terminated.
configure:14912: $? = 1
configure: failed program was:
| /* confdefs.h */
| #define PACKAGE_NAME "libmicrohttpd"
| #define PACKAGE_TARNAME "libmicrohttpd"
| #define PACKAGE_VERSION "0.9.40"
| #define PACKAGE_STRING "libmicrohttpd 0.9.40"
| #define PACKAGE_BUGREPORT "libmicrohttpd@gnu.org"
| #define PACKAGE_URL ""
| #define PACKAGE "libmicrohttpd"
| #define VERSION "0.9.40"
| #define STDC_HEADERS 1
| #define HAVE_SYS_TYPES_H 1
| #define HAVE_SYS_STAT_H 1
| #define HAVE_STDLIB_H 1
| #define HAVE_STRING_H 1
| #define HAVE_MEMORY_H 1
| #define HAVE_STRINGS_H 1
| #define HAVE_INTTYPES_H 1
| #define HAVE_STDINT_H 1
| #define HAVE_UNISTD_H 1
| #define HAVE_DLFCN_H 1
| #define LT_OBJDIR ".libs/"
| #define LINUX 1
| #define HAVE_LISTEN_SHUTDOWN 1
| #define MHD_USE_POSIX_THREADS 1
| #define EPOLL_SUPPORT 1
| #define HAVE_EPOLL_CREATE1 1
| #define HAVE_PTHREAD_SETNAME_NP 1
| #define HAVE_FCNTL_H 1
| #define HAVE_MATH_H 1
| #define HAVE_ERRNO_H 1
| #define HAVE_LIMITS_H 1
| #define HAVE_STDIO_H 1
| #define HAVE_LOCALE_H 1
| #define HAVE_SYS_STAT_H 1
| #define HAVE_SYS_TYPES_H 1
| #define HAVE_PTHREAD_H 1
| #define HAVE_SYS_TYPES_H 1
| #define HAVE_SYS_TIME_H 1
| #define HAVE_SYS_MSG_H 1
| #define HAVE_NETDB_H 1
| #define HAVE_NETINET_IN_H 1
| #define HAVE_NETINET_TCP_H 1
| #define HAVE_TIME_H 1
| #define HAVE_SYS_SOCKET_H 1
| #define HAVE_SYS_MMAN_H 1
| #define HAVE_ARPA_INET_H 1
| #define HAVE_SYS_SELECT_H 1
| #define HAVE_POLL_H 1
| #define HAVE_SEARCH_H 1
| #define HAVE_MEMMEM 1
| #define HAVE_ACCEPT4 1
| #define HAVE_DECL_SOCK_NONBLOCK 1
| #define HAVE_SOCK_NONBLOCK 1
| #define HAVE_CLOCK_GETTIME 1
| #define HAVE_INET6 1
| #define HAVE_DECL_TCP_CORK 1
| #define HAVE_DECL_TCP_NOPUSH 0
| #define _MHD_EXTERN __attribute__((visibility("default"))) extern
| #define SPDY_SUPPORT 0
| /* end confdefs.h.  */
| #include <spdylay/spdylay.h>
configure:14912: result: no
configure:14912: checking for spdylay/spdylay.h
configure:14912: result: no
configure:14941: checking for special C compiler options needed for large files
configure:14986: result: no
configure:14992: checking for _FILE_OFFSET_BITS value needed for large files
configure:15017: gcc -c -g -O2 -fno-strict-aliasing  conftest.c >&5
configure:15017: $? = 0
configure:15049: result: no
configure:15134: checking for _LARGEFILE_SOURCE value needed for large files
configure:15153: gcc -o conftest -g -O2 -fno-strict-aliasing   conftest.c -lrt  >&5
configure:15153: $? = 0
configure:15181: result: no
configure:15204: checking whether to generate error messages
configure:15213: result: yes
configure:15228: checking whether to enable postprocessor
configure:15238: result: yes
configure:15259: checking for zzuf
configure:15287: result: no
configure:15297: checking for socat
configure:15325: result: no
configure:15415: checking for libgcrypt-config
configure:15448: result: no
configure:15476: checking for LIBGCRYPT - version >= 1.2.2
configure:15513: result: no
configure:15599: checking how to find GnuTLS library
configure:15766: result: automatically
configure:15881: checking pkg-config is at least version 0.9.0
configure:15884: result: yes
configure:15896: checking for GNUTLS
configure:15903: $PKG_CONFIG --exists --print-errors "gnutls"
Package gnutls was not found in the pkg-config search path.
Perhaps you should add the directory containing `gnutls.pc'
to the PKG_CONFIG_PATH environment variable
No package 'gnutls' found
configure:15906: $? = 1
configure:15920: $PKG_CONFIG --exists --print-errors "gnutls"
Package gnutls was not found in the pkg-config search path.
Perhaps you should add the directory containing `gnutls.pc'
to the PKG_CONFIG_PATH environment variable
No package 'gnutls' found
configure:15923: $? = 1
configure:15937: result: no
No package 'gnutls' found
configure:15957: checking gnutls/gnutls.h usability
configure:15957: gcc -c -g -O2 -fno-strict-aliasing  conftest.c >&5
conftest.c:97:27: fatal error: gnutls/gnutls.h: No such file or directory
compilation terminated.
configure:15957: $? = 1
configure: failed program was:
| /* confdefs.h */
| #define PACKAGE_NAME "libmicrohttpd"
| #define PACKAGE_TARNAME "libmicrohttpd"
| #define PACKAGE_VERSION "0.9.40"
| #define PACKAGE_STRING "libmicrohttpd 0.9.40"
| #define PACKAGE_BUGREPORT "libmicrohttpd@gnu.org"
| #define PACKAGE_URL ""
| #define PACKAGE "libmicrohttpd"
| #define VERSION "0.9.40"
| #define STDC_HEADERS 1
| #define HAVE_SYS_TYPES_H 1
| #define HAVE_SYS_STAT_H 1
| #define HAVE_STDLIB_H 1
| #define HAVE_STRING_H 1
| #define HAVE_MEMORY_H 1
| #define HAVE_STRINGS_H 1
| #define HAVE_INTTYPES_H 1
| #define HAVE_STDINT_H 1
| #define HAVE_UNISTD_H 1
| #define HAVE_DLFCN_H 1
| #define LT_OBJDIR ".libs/"
| #define LINUX 1
| #define HAVE_LISTEN_SHUTDOWN 1
| #define MHD_USE_POSIX_THREADS 1
| #define EPOLL_SUPPORT 1
| #define HAVE_EPOLL_CREATE1 1
| #define HAVE_PTHREAD_SETNAME_NP 1
| #define HAVE_FCNTL_H 1
| #define HAVE_MATH_H 1
| #define HAVE_ERRNO_H 1
| #define HAVE_LIMITS_H 1
| #define HAVE_STDIO_H 1
| #define HAVE_LOCALE_H 1
| #define HAVE_SYS_STAT_H 1
| #define HAVE_SYS_TYPES_H 1
| #define HAVE_PTHREAD_H 1
| #define HAVE_SYS_TYPES_H 1
| #define HAVE_SYS_TIME_H 1
| #define HAVE_SYS_MSG_H 1
| #define HAVE_NETDB_H 1
| #define HAVE_NETINET_IN_H 1
| #define HAVE_NETINET_TCP_H 1
| #define HAVE_TIME_H 1
| #define HAVE_SYS_SOCKET_H 1
| #define HAVE_SYS_MMAN_H 1
| #define HAVE_ARPA_INET_H 1
| #define HAVE_SYS_SELECT_H 1
| #define HAVE_POLL_H 1
| #define HAVE_SEARCH_H 1
| #define HAVE_MEMMEM 1
| #define HAVE_ACCEPT4 1
| #define HAVE_DECL_SOCK_NONBLOCK 1
| #define HAVE_SOCK_NONBLOCK 1
| #define HAVE_CLOCK_GETTIME 1
| #define HAVE_INET6 1
| #define HAVE_DECL_TCP_CORK 1
| #define HAVE_DECL_TCP_NOPUSH 0
| #define _MHD_EXTERN __attribute__((visibility("default"))) extern
| #define SPDY_SUPPORT 0
| #define HAVE_FSEEKO 1
| #define HAVE_MESSAGES 1
| #define HAVE_POSTPROCESSOR 1
| /* end confdefs.h.  */
| #include <stdio.h>
| #ifdef HAVE_SYS_TYPES_H
| # include <sys/types.h>
| #endif
| #ifdef HAVE_SYS_STAT_H
| # include <sys/stat.h>
| #endif
| #ifdef STDC_HEADERS
| # include <stdlib.h>
| # include <stddef.h>
| #else
| # ifdef HAVE_STDLIB_H
| #  include <stdlib.h>
| # endif
| #endif
| #ifdef HAVE_STRING_H
| # if !defined STDC_HEADERS && defined HAVE_MEMORY_H
| #  include <memory.h>
| # endif
| # include <string.h>
| #endif
| #ifdef HAVE_STRINGS_H
| # include <strings.h>
| #endif
| #ifdef HAVE_INTTYPES_H
| # include <inttypes.h>
| #endif
| #ifdef HAVE_STDINT_H
| # include <stdint.h>
| #endif
| #ifdef HAVE_UNISTD_H
| # include <unistd.h>
| #endif
| #include <gnutls/gnutls.h>
configure:15957: result: no
configure:15957: checking gnutls/gnutls.h presence
configure:15957: gcc -E  conftest.c
conftest.c:64:27: fatal error: gnutls/gnutls.h: No such file or directory
compilation terminated.
configure:15957: $? = 1
configure: failed program was:
| /* confdefs.h */
| #define PACKAGE_NAME "libmicrohttpd"
| #define PACKAGE_TARNAME "libmicrohttpd"
| #define PACKAGE_VERSION "0.9.40"
| #define PACKAGE_STRING "libmicrohttpd 0.9.40"
| #define PACKAGE_BUGREPORT "libmicrohttpd@gnu.org"
| #define PACKAGE_URL ""
| #define PACKAGE "libmicrohttpd"
| #define VERSION "0.9.40"
| #define STDC_HEADERS 1
| #define HAVE_SYS_TYPES_H 1
| #define HAVE_SYS_STAT_H 1
| #define HAVE_STDLIB_H 1
| #define HAVE_STRING_H 1
| #define HAVE_MEMORY_H 1
| #define HAVE_STRINGS_H 1
| #define HAVE_INTTYPES_H 1
| #define HAVE_STDINT_H 1
| #define HAVE_UNISTD_H 1
| #define HAVE_DLFCN_H 1
| #define LT_OBJDIR ".libs/"
| #define LINUX 1
| #define HAVE_LISTEN_SHUTDOWN 1
| #define MHD_USE_POSIX_THREADS 1
| #define EPOLL_SUPPORT 1
| #define HAVE_EPOLL_CREATE1 1
| #define HAVE_PTHREAD_SETNAME_NP 1
| #define HAVE_FCNTL_H 1
| #define HAVE_MATH_H 1
| #define HAVE_ERRNO_H 1
| #define HAVE_LIMITS_H 1
| #define HAVE_STDIO_H 1
| #define HAVE_LOCALE_H 1
| #define HAVE_SYS_STAT_H 1
| #define HAVE_SYS_TYPES_H 1
| #define HAVE_PTHREAD_H 1
| #define HAVE_SYS_TYPES_H 1
| #define HAVE_SYS_TIME_H 1
| #define HAVE_SYS_MSG_H 1
| #define HAVE_NETDB_H 1
| #define HAVE_NETINET_IN_H 1
| #define HAVE_NETINET_TCP_H 1
| #define HAVE_TIME_H 1
| #define HAVE_SYS_SOCKET_H 1
| #define HAVE_SYS_MMAN_H 1
| #define HAVE_ARPA_INET_H 1
| #define HAVE_SYS_SELECT_H 1
| #define HAVE_POLL_H 1
| #define HAVE_SEARCH_H 1
| #define HAVE_MEMMEM 1
| #define HAVE_ACCEPT4 1
| #define HAVE_DECL_SOCK_NONBLOCK 1
| #define HAVE_SOCK_NONBLOCK 1
| #define HAVE_CLOCK_GETTIME 1
| #define HAVE_INET6 1
| #define HAVE_DECL_TCP_CORK 1
| #define HAVE_DECL_TCP_NOPUSH 0
| #define _MHD_EXTERN __attribute__((visibility("default"))) extern
| #define SPDY_SUPPORT 0
| #define HAVE_FSEEKO 1
| #define HAVE_MESSAGES 1
| #define HAVE_POSTPROCESSOR 1
| /* end confdefs.h.  */
| #include <gnutls/gnutls.h>
configure:15957: result: no
configure:15957: checking for gnutls/gnutls.h
configure:15957: result: no
configure:16351: checking whether to support HTTPS
configure:16397: result: no (lacking libgrypt and libgnutls)
configure:16410: checking whether to support HTTP basic authentication
configure:16430: result: yes
configure:16442: checking whether to support HTTP digest authentication
configure:16462: result: yes
configure:16478: checking whether to compile with support for code coverage analysis
configure:16487: result: no
configure:16501: checking the number of available CPUs
configure:16560: result: 8 
configure:16702: checking that generated files are newer than configure
configure:16708: result: done
configure:16844: creating ./config.status

## ---------------------- ##
## Running config.status. ##
## ---------------------- ##

This file was extended by libmicrohttpd config.status 0.9.40, which was
generated by GNU Autoconf 2.69.  Invocation command line was

  CONFIG_FILES    = 
  CONFIG_HEADERS  = 
  CONFIG_LINKS    = 
  CONFIG_COMMANDS = 
  $ ./config.status 

on zhangpan-System-Product-Name

config.status:1290: creating src/microhttpd/microhttpd_dll_res.rc
config.status:1290: creating libmicrohttpd.pc
config.status:1290: creating libmicrospdy.pc
config.status:1290: creating w32/VS2013/microhttpd_dll_res_vc.rc
config.status:1290: creating Makefile
config.status:1290: creating contrib/Makefile
config.status:1290: creating doc/Makefile
config.status:1290: creating doc/doxygen/Makefile
config.status:1290: creating doc/examples/Makefile
config.status:1290: creating m4/Makefile
config.status:1290: creating src/Makefile
config.status:1290: creating src/include/Makefile
config.status:1290: creating src/platform/Makefile
config.status:1290: creating src/microhttpd/Makefile
config.status:1290: creating src/microspdy/Makefile
config.status:1290: creating src/spdy2http/Makefile
config.status:1290: creating src/examples/Makefile
config.status:1290: creating src/testcurl/Makefile
config.status:1290: creating src/testcurl/https/Makefile
config.status:1290: creating src/testspdy/Makefile
config.status:1290: creating src/testzzuf/Makefile
config.status:1290: creating MHD_config.h
config.status:1471: MHD_config.h is unchanged
config.status:1519: executing depfiles commands
config.status:1519: executing libtool commands
configure:19329: Configuration Summary:
  Operating System:  linux-gnu
  Threading lib:     posix
  libcurl (testing): no, many unit tests will not run
  Target directory:  /usr/local
  Messages:          yes
  Basic auth.:       yes
  Digest auth.:      yes
  Postproc:          yes
  HTTPS support:     no (lacking libgrypt and libgnutls)
  epoll support:     yes
  build docs:        yes
  build examples:    yes
  libmicrospdy:      no
  spdylay (testing): no

configure:19358:
  License         :  LGPL or eCos


## ---------------- ##
## Cache variables. ##
## ---------------- ##

ac_cv_build=x86_64-unknown-linux-gnu
ac_cv_c_bigendian=no
ac_cv_c_compiler_gnu=yes
ac_cv_env_CC_set=
ac_cv_env_CC_value=
ac_cv_env_CFLAGS_set=
ac_cv_env_CFLAGS_value=
ac_cv_env_CPPFLAGS_set=
ac_cv_env_CPPFLAGS_value=
ac_cv_env_CPP_set=
ac_cv_env_CPP_value=
ac_cv_env_GNUTLS_CFLAGS_set=
ac_cv_env_GNUTLS_CFLAGS_value=
ac_cv_env_GNUTLS_LIBS_set=
ac_cv_env_GNUTLS_LIBS_value=
ac_cv_env_LDFLAGS_set=
ac_cv_env_LDFLAGS_value=
ac_cv_env_LIBS_set=
ac_cv_env_LIBS_value=
ac_cv_env_PKG_CONFIG_LIBDIR_set=
ac_cv_env_PKG_CONFIG_LIBDIR_value=
ac_cv_env_PKG_CONFIG_PATH_set=
ac_cv_env_PKG_CONFIG_PATH_value=
ac_cv_env_PKG_CONFIG_set=
ac_cv_env_PKG_CONFIG_value=
ac_cv_env_build_alias_set=
ac_cv_env_build_alias_value=
ac_cv_env_host_alias_set=
ac_cv_env_host_alias_value=
ac_cv_env_target_alias_set=
ac_cv_env_target_alias_value=
ac_cv_func_accept4=yes
ac_cv_func_memmem=yes
ac_cv_have_decl_SOCK_NONBLOCK=yes
ac_cv_have_decl_TCP_CORK=yes
ac_cv_have_decl_TCP_NOPUSH=no
ac_cv_header_arpa_inet_h=yes
ac_cv_header_dlfcn_h=yes
ac_cv_header_errno_h=yes
ac_cv_header_fcntl_h=yes
ac_cv_header_gnutls_gnutls_h=no
ac_cv_header_inttypes_h=yes
ac_cv_header_limits_h=yes
ac_cv_header_linux_version_h=yes
ac_cv_header_locale_h=yes
ac_cv_header_math_h=yes
ac_cv_header_memory_h=yes
ac_cv_header_netdb_h=yes
ac_cv_header_netinet_in_h=yes
ac_cv_header_netinet_tcp_h=yes
ac_cv_header_poll_h=yes
ac_cv_header_pthread_h=yes
ac_cv_header_search_h=yes
ac_cv_header_spdylay_spdylay_h=no
ac_cv_header_stdc=yes
ac_cv_header_stdint_h=yes
ac_cv_header_stdio_h=yes
ac_cv_header_stdlib_h=yes
ac_cv_header_string_h=yes
ac_cv_header_strings_h=yes
ac_cv_header_sys_mman_h=yes
ac_cv_header_sys_msg_h=yes
ac_cv_header_sys_select_h=yes
ac_cv_header_sys_socket_h=yes
ac_cv_header_sys_stat_h=yes
ac_cv_header_sys_time_h=yes
ac_cv_header_sys_types_h=yes
ac_cv_header_time_h=yes
ac_cv_header_unistd_h=yes
ac_cv_header_windows_h=no
ac_cv_host=x86_64-unknown-linux-gnu
ac_cv_lib_magic_magic_open=no
ac_cv_member_struct_sockaddr_in_sin_len=no
ac_cv_objext=o
ac_cv_path_EGREP='/bin/grep -E'
ac_cv_path_FGREP='/bin/grep -F'
ac_cv_path_GREP=/bin/grep
ac_cv_path_PKG_CONFIG=/usr/bin/pkg-config
ac_cv_path_SED=/bin/sed
ac_cv_path_install='/usr/bin/install -c'
ac_cv_path_mkdir=/bin/mkdir
ac_cv_prog_AWK=mawk
ac_cv_prog_CPP='gcc -E'
ac_cv_prog_HAVE_CURL_BINARY=no
ac_cv_prog_HAVE_MAKEINFO_BINARY=no
ac_cv_prog_ac_ct_AR=ar
ac_cv_prog_ac_ct_CC=gcc
ac_cv_prog_ac_ct_MANIFEST_TOOL=mt
ac_cv_prog_ac_ct_OBJDUMP=objdump
ac_cv_prog_ac_ct_RANLIB=ranlib
ac_cv_prog_ac_ct_STRIP=strip
ac_cv_prog_cc_c89=
ac_cv_prog_cc_g=yes
ac_cv_prog_have_socat=no
ac_cv_prog_have_zzuf=no
ac_cv_prog_make_make_set=yes
ac_cv_search_clock_gettime=-lrt
ac_cv_sys_file_offset_bits=no
ac_cv_sys_largefile_CC=no
ac_cv_sys_largefile_source=no
am_cv_CC_dependencies_compiler_type=gcc3
am_cv_make_support_nested_variables=yes
am_cv_prog_cc_c_o=yes
ax_cv_PTHREAD_PRIO_INHERIT=no
ax_cv_check_cflags___fno_strict_aliasing=yes
ax_cv_check_cflags___fvisibility_hidden=yes
ax_cv_check_ldflags___fno_strict_aliasing=yes
ax_cv_check_ldflags___fvisibility_hidden=yes
ax_cv_have_epoll=yes
libcurl_cv_lib_curl_usable=no
lt_cv_ar_at_file=@
lt_cv_archive_cmds_need_lc=no
lt_cv_deplibs_check_method=pass_all
lt_cv_file_magic_cmd='$MAGIC_CMD'
lt_cv_file_magic_test_file=
lt_cv_ld_reload_flag=-r
lt_cv_nm_interface='BSD nm'
lt_cv_objdir=.libs
lt_cv_path_LD=/usr/bin/ld
lt_cv_path_NM='/usr/bin/nm -B'
lt_cv_path_mainfest_tool=no
lt_cv_prog_compiler_c_o=yes
lt_cv_prog_compiler_c_o_RC=yes
lt_cv_prog_compiler_pic='-fPIC -DPIC'
lt_cv_prog_compiler_pic_works=yes
lt_cv_prog_compiler_rtti_exceptions=no
lt_cv_prog_compiler_static_works=yes
lt_cv_prog_gnu_ld=yes
lt_cv_sharedlib_from_linklib_cmd='printf %s\n'
lt_cv_shlibpath_overrides_runpath=no
lt_cv_sys_global_symbol_pipe='sed -n -e '\''s/^.*[	 ]\([ABCDGIRSTW][ABCDGIRSTW]*\)[	 ][	 ]*\([_A-Za-z][_A-Za-z0-9]*\)$/\1 \2 \2/p'\'' | sed '\''/ __gnu_lto/d'\'''
lt_cv_sys_global_symbol_to_c_name_address='sed -n -e '\''s/^: \([^ ]*\)[ ]*$/  {\"\1\", (void *) 0},/p'\'' -e '\''s/^[ABCDGIRSTW]* \([^ ]*\) \([^ ]*\)$/  {"\2", (void *) \&\2},/p'\'''
lt_cv_sys_global_symbol_to_c_name_address_lib_prefix='sed -n -e '\''s/^: \([^ ]*\)[ ]*$/  {\"\1\", (void *) 0},/p'\'' -e '\''s/^[ABCDGIRSTW]* \([^ ]*\) \(lib[^ ]*\)$/  {"\2", (void *) \&\2},/p'\'' -e '\''s/^[ABCDGIRSTW]* \([^ ]*\) \([^ ]*\)$/  {"lib\2", (void *) \&\2},/p'\'''
lt_cv_sys_global_symbol_to_cdecl='sed -n -e '\''s/^T .* \(.*\)$/extern int \1();/p'\'' -e '\''s/^[ABCDGIRSTW]* .* \(.*\)$/extern char \1;/p'\'''
lt_cv_sys_max_cmd_len=1572864
lt_cv_to_host_file_cmd=func_convert_file_noop
lt_cv_to_tool_file_cmd=func_convert_file_noop
mhd_cv_have_epoll_create1=yes

## ----------------- ##
## Output variables. ##
## ----------------- ##

ACLOCAL='${SHELL} /home/zhangpan/work/openzwave-control-panel/open-zwave-control-panel-master/libmicrohttpd/missing aclocal-1.14'
AMDEPBACKSLASH='\'
AMDEP_FALSE='#'
AMDEP_TRUE=''
AMTAR='$${TAR-tar}'
AM_BACKSLASH='\'
AM_DEFAULT_V='$(AM_DEFAULT_VERBOSITY)'
AM_DEFAULT_VERBOSITY='1'
AM_V='$(V)'
AR='ar'
AS='as'
AUTOCONF='${SHELL} /home/zhangpan/work/openzwave-control-panel/open-zwave-control-panel-master/libmicrohttpd/missing autoconf'
AUTOHEADER='${SHELL} /home/zhangpan/work/openzwave-control-panel/open-zwave-control-panel-master/libmicrohttpd/missing autoheader'
AUTOMAKE='${SHELL} /home/zhangpan/work/openzwave-control-panel/open-zwave-control-panel-master/libmicrohttpd/missing automake-1.14'
AWK='mawk'
BUILD_DOC_FALSE='#'
BUILD_DOC_TRUE=''
BUILD_EXAMPLES_FALSE='#'
BUILD_EXAMPLES_TRUE=''
CC='gcc'
CCDEPMODE='depmode=gcc3'
CFLAGS='-g -O2 -fno-strict-aliasing'
CPP='gcc -E'
CPPFLAGS=''
CPU_COUNT='8'
CYGPATH_W='echo'
DEFS='-DHAVE_CONFIG_H'
DEPDIR='.deps'
DLLTOOL='false'
DSYMUTIL=''
DUMPBIN=''
ECHO_C=''
ECHO_N='-n'
ECHO_T=''
EGREP='/bin/grep -E'
ENABLE_BAUTH_FALSE='#'
ENABLE_BAUTH_TRUE=''
ENABLE_DAUTH_FALSE='#'
ENABLE_DAUTH_TRUE=''
ENABLE_HTTPS_FALSE=''
ENABLE_HTTPS_TRUE='#'
ENABLE_SPDY_FALSE=''
ENABLE_SPDY_TRUE='#'
EXEEXT=''
FGREP='/bin/grep -F'
GNUTLS_CFLAGS=''
GNUTLS_CPPFLAGS=''
GNUTLS_LDFLAGS=''
GNUTLS_LIBS=''
GREP='/bin/grep'
HAVE_CURL_BINARY='no'
HAVE_CURL_BINARY_FALSE=''
HAVE_CURL_BINARY_TRUE='#'
HAVE_CURL_FALSE=''
HAVE_CURL_TRUE='#'
HAVE_GNUTLS_FALSE=''
HAVE_GNUTLS_SNI_FALSE=''
HAVE_GNUTLS_SNI_TRUE='#'
HAVE_GNUTLS_TRUE='#'
HAVE_MAGIC_FALSE=''
HAVE_MAGIC_TRUE='#'
HAVE_MAKEINFO_BINARY='no'
HAVE_MAKEINFO_BINARY_FALSE=''
HAVE_MAKEINFO_BINARY_TRUE='#'
HAVE_OPENSSL_FALSE=''
HAVE_OPENSSL_TRUE='#'
HAVE_POSIX_THREADS_FALSE='#'
HAVE_POSIX_THREADS_TRUE=''
HAVE_POSTPROCESSOR_FALSE='#'
HAVE_POSTPROCESSOR_TRUE=''
HAVE_SOCAT_FALSE=''
HAVE_SOCAT_TRUE='#'
HAVE_SPDYLAY_FALSE=''
HAVE_SPDYLAY_TRUE='#'
HAVE_TSEARCH_FALSE='#'
HAVE_TSEARCH_TRUE=''
HAVE_W32_FALSE=''
HAVE_W32_TRUE='#'
HAVE_ZZUF_FALSE=''
HAVE_ZZUF_TRUE='#'
HIDDEN_VISIBILITY_CFLAGS='-fvisibility=hidden'
INSTALL_DATA='${INSTALL} -m 644'
INSTALL_PROGRAM='${INSTALL}'
INSTALL_SCRIPT='${INSTALL}'
INSTALL_STRIP_PROGRAM='$(install_sh) -c -s'
LD='/usr/bin/ld -m elf_x86_64'
LDFLAGS=''
LIBCURL=''
LIBCURL_CPPFLAGS=''
LIBGCRYPT_CFLAGS=''
LIBGCRYPT_CONFIG='no'
LIBGCRYPT_LIBS=''
LIBOBJS=''
LIBS='-lrt '
LIBSPDY_VERSION_AGE='0'
LIBSPDY_VERSION_CURRENT='0'
LIBSPDY_VERSION_REVISION='0'
LIBTOOL='$(SHELL) $(top_builddir)/libtool'
LIB_VERSION_AGE='30'
LIB_VERSION_CURRENT='40'
LIB_VERSION_REVISION='0'
LIPO=''
LN_S='ln -s'
LTLIBOBJS=''
MAKEINFO='${SHELL} /home/zhangpan/work/openzwave-control-panel/open-zwave-control-panel-master/libmicrohttpd/missing makeinfo'
MANIFEST_TOOL=':'
MHD_LIBDEPS=' '
MHD_LIBDEPS_PKGCFG=' '
MHD_LIB_CFLAGS=' -pthread'
MHD_LIB_CPPFLAGS=''
MHD_LIB_LDFLAGS=' -export-dynamic -no-undefined'
MHD_REQ_PRIVATE=''
MKDIR_P='/bin/mkdir -p'
MS_LIB_TOOL=''
NM='/usr/bin/nm -B'
NMEDIT=''
OBJDUMP='objdump'
OBJEXT='o'
OPENSSL_INCLUDES=''
OPENSSL_LDFLAGS=''
OPENSSL_LIBS=''
OTOOL64=''
OTOOL=''
PACKAGE='libmicrohttpd'
PACKAGE_BUGREPORT='libmicrohttpd@gnu.org'
PACKAGE_NAME='libmicrohttpd'
PACKAGE_STRING='libmicrohttpd 0.9.40'
PACKAGE_TARNAME='libmicrohttpd'
PACKAGE_URL=''
PACKAGE_VERSION='0.9.40'
PACKAGE_VERSION_MAJOR='0'
PACKAGE_VERSION_MINOR='9'
PACKAGE_VERSION_SUBMINOR='40'
PATH_SEPARATOR=':'
PKG_CONFIG='/usr/bin/pkg-config'
PKG_CONFIG_LIBDIR=''
PKG_CONFIG_PATH=''
PTHREAD_CC='gcc'
PTHREAD_CFLAGS='-pthread'
PTHREAD_LIBS=''
RANLIB='ranlib'
RC=''
SED='/bin/sed'
SET_MAKE=''
SHELL='/bin/bash'
SPDY_LIBDEPS=''
SPDY_LIB_CFLAGS='-g -O2 -fno-strict-aliasing'
SPDY_LIB_CPPFLAGS=' '
SPDY_LIB_LDFLAGS=' '
STRIP='strip'
USE_COVERAGE_FALSE=''
USE_COVERAGE_TRUE='#'
USE_MS_LIB_TOOL_FALSE=''
USE_MS_LIB_TOOL_TRUE='#'
USE_POSIX_THREADS_FALSE='#'
USE_POSIX_THREADS_TRUE=''
USE_W32_THREADS_FALSE=''
USE_W32_THREADS_TRUE='#'
VERSION='0.9.40'
W32_SHARED_LIB_EXP_FALSE=''
W32_SHARED_LIB_EXP_TRUE='#'
W32_STATIC_LIB_FALSE=''
W32_STATIC_LIB_TRUE='#'
_libcurl_config=''
ac_ct_AR='ar'
ac_ct_CC='gcc'
ac_ct_DUMPBIN=''
am__EXEEXT_FALSE=''
am__EXEEXT_TRUE='#'
am__fastdepCC_FALSE='#'
am__fastdepCC_TRUE=''
am__include='include'
am__isrc=''
am__leading_dot='.'
am__nodep='_no'
am__quote=''
am__tar='$${TAR-tar} chof - "$$tardir"'
am__untar='$${TAR-tar} xf -'
ax_pthread_config=''
bindir='${exec_prefix}/bin'
build='x86_64-unknown-linux-gnu'
build_alias=''
build_cpu='x86_64'
build_os='linux-gnu'
build_vendor='unknown'
datadir='${datarootdir}'
datarootdir='${prefix}/share'
docdir='${datarootdir}/doc/${PACKAGE_TARNAME}'
dvidir='${docdir}'
exec_prefix='${prefix}'
have_socat='no'
have_zzuf='no'
host='x86_64-unknown-linux-gnu'
host_alias=''
host_cpu='x86_64'
host_os='linux-gnu'
host_vendor='unknown'
htmldir='${docdir}'
includedir='${prefix}/include'
infodir='${datarootdir}/info'
install_sh='${SHELL} /home/zhangpan/work/openzwave-control-panel/open-zwave-control-panel-master/libmicrohttpd/install-sh'
libdir='${exec_prefix}/lib'
libexecdir='${exec_prefix}/libexec'
localedir='${datarootdir}/locale'
localstatedir='${prefix}/var'
lt_cv_objdir='.libs'
mandir='${datarootdir}/man'
mkdir_p='$(MKDIR_P)'
oldincludedir='/usr/include'
pdfdir='${docdir}'
prefix='/usr/local'
program_transform_name='s,x,x,'
psdir='${docdir}'
sbindir='${exec_prefix}/sbin'
sharedstatedir='${prefix}/com'
sysconfdir='${prefix}/etc'
target_alias=''

## ----------- ##
## confdefs.h. ##
## ----------- ##

/* confdefs.h */
#define PACKAGE_NAME "libmicrohttpd"
#define PACKAGE_TARNAME "libmicrohttpd"
#define PACKAGE_VERSION "0.9.40"
#define PACKAGE_STRING "libmicrohttpd 0.9.40"
#define PACKAGE_BUGREPORT "libmicrohttpd@gnu.org"
#define PACKAGE_URL ""
#define PACKAGE "libmicrohttpd"
#define VERSION "0.9.40"
#define STDC_HEADERS 1
#define HAVE_SYS_TYPES_H 1
#define HAVE_SYS_STAT_H 1
#define HAVE_STDLIB_H 1
#define HAVE_STRING_H 1
#define HAVE_MEMORY_H 1
#define HAVE_STRINGS_H 1
#define HAVE_INTTYPES_H 1
#define HAVE_STDINT_H 1
#define HAVE_UNISTD_H 1
#define HAVE_DLFCN_H 1
#define LT_OBJDIR ".libs/"
#define LINUX 1
#define HAVE_LISTEN_SHUTDOWN 1
#define MHD_USE_POSIX_THREADS 1
#define EPOLL_SUPPORT 1
#define HAVE_EPOLL_CREATE1 1
#define HAVE_PTHREAD_SETNAME_NP 1
#define HAVE_FCNTL_H 1
#define HAVE_MATH_H 1
#define HAVE_ERRNO_H 1
#define HAVE_LIMITS_H 1
#define HAVE_STDIO_H 1
#define HAVE_LOCALE_H 1
#define HAVE_SYS_STAT_H 1
#define HAVE_SYS_TYPES_H 1
#define HAVE_PTHREAD_H 1
#define HAVE_SYS_TYPES_H 1
#define HAVE_SYS_TIME_H 1
#define HAVE_SYS_MSG_H 1
#define HAVE_NETDB_H 1
#define HAVE_NETINET_IN_H 1
#define HAVE_NETINET_TCP_H 1
#define HAVE_TIME_H 1
#define HAVE_SYS_SOCKET_H 1
#define HAVE_SYS_MMAN_H 1
#define HAVE_ARPA_INET_H 1
#define HAVE_SYS_SELECT_H 1
#define HAVE_POLL_H 1
#define HAVE_SEARCH_H 1
#define HAVE_MEMMEM 1
#define HAVE_ACCEPT4 1
#define HAVE_DECL_SOCK_NONBLOCK 1
#define HAVE_SOCK_NONBLOCK 1
#define HAVE_CLOCK_GETTIME 1
#define HAVE_INET6 1
#define HAVE_DECL_TCP_CORK 1
#define HAVE_DECL_TCP_NOPUSH 0
#define _MHD_EXTERN __attribute__((visibility("default"))) extern
#define SPDY_SUPPORT 0
#define HAVE_FSEEKO 1
#define HAVE_MESSAGES 1
#define HAVE_POSTPROCESSOR 1
#define HTTPS_SUPPORT 0
#define BAUTH_SUPPORT 1
#define DAUTH_SUPPORT 1

configure: exit 0
